2024-06-02 10:21:35.468 [info] Log level: Info
2024-06-02 10:21:35.468 [info] Validating found git in: "git"
2024-06-02 10:21:35.468 [info] Using git "2.34.1" from "git"
2024-06-02 10:21:35.468 [info] > git rev-parse --show-toplevel [2ms]
2024-06-02 10:21:35.468 [info] > git rev-parse --git-dir --git-common-dir [0ms]
2024-06-02 10:21:35.468 [info] Open repository: /root
2024-06-02 10:21:35.468 [info] > git config --get commit.template [4ms]
2024-06-02 10:21:35.468 [info] > git rev-parse --show-toplevel [6ms]
2024-06-02 10:21:35.468 [info] > git for-each-ref --format=%(refname)%00%(upstream:short)%00%(objectname)%00%(upstream:track)%00%(upstream:remotename)%00%(upstream:remoteref) refs/heads/cb refs/remotes/cb [6ms]
2024-06-02 10:21:35.468 [info] > git rev-parse --show-toplevel [2ms]
2024-06-02 10:21:35.468 [info] > git rev-parse --show-toplevel [6ms]
2024-06-02 10:21:35.468 [info] > git rev-parse --show-toplevel [1ms]
2024-06-02 10:21:35.468 [info] > git rev-parse --show-toplevel [1ms]
2024-06-02 10:21:35.468 [info] > git rev-parse --show-toplevel [1ms]
2024-06-02 10:21:35.468 [info] > git rev-parse --show-toplevel [0ms]
2024-06-02 10:21:35.468 [info] > git rev-parse --show-toplevel [1ms]
2024-06-02 10:21:35.468 [info] > git rev-parse --show-toplevel [0ms]
2024-06-02 10:21:35.468 [info] > git rev-parse --show-toplevel [1ms]
2024-06-02 10:21:35.468 [info] > git rev-parse --show-toplevel [1ms]
2024-06-02 10:21:35.468 [info] > git status -z -uall [43ms]
2024-06-02 10:21:35.468 [info] > git merge-base refs/heads/cb refs/remotes/origin/cb [12ms]
2024-06-02 10:21:35.468 [info] > git rev-parse --show-toplevel [23ms]
2024-06-02 10:21:35.468 [info] > git rev-list --count --left-right refs/heads/cb...refs/remotes/origin/cb [22ms]
2024-06-02 10:21:35.468 [info] > git config --get commit.template [33ms]
2024-06-02 10:21:35.468 [info] > git rev-parse --show-toplevel [6ms]
2024-06-02 10:21:35.468 [info] > git diff --name-status -z --diff-filter=ADMR 485efd3067e18026d53feda3ca5b857adf130daa...refs/remotes/origin/cb [8ms]
2024-06-02 10:21:35.468 [info] > git for-each-ref --format=%(refname)%00%(upstream:short)%00%(objectname)%00%(upstream:track)%00%(upstream:remotename)%00%(upstream:remoteref) refs/heads/cb refs/remotes/cb [2ms]
2024-06-02 10:21:35.500 [info] > git status -z -uall [37ms]
2024-06-02 10:21:36.005 [info] > git check-ignore -v -z --stdin [16ms]
2024-06-02 10:22:04.528 [info] > git check-ignore -v -z --stdin [4ms]
2024-06-02 10:22:05.665 [info] > git check-ignore -v -z --stdin [7ms]
2024-06-02 10:24:30.732 [info] > git show --textconv :classification_gpu.py [12ms]
2024-06-02 10:24:30.732 [info] > git ls-files --stage -- /root/classification_gpu.py [7ms]
2024-06-02 10:24:30.741 [info] > git cat-file -s 3a0114039f50c686cd2a6d0026619a5ba6821973 [4ms]
2024-06-02 10:25:30.424 [info] > git check-ignore -v -z --stdin [5ms]
2024-06-02 10:25:38.306 [info] > git check-ignore -v -z --stdin [5ms]
2024-06-02 10:26:21.166 [info] > git ls-files --stage -- /root/classification_gpu.py [4ms]
2024-06-02 10:26:21.173 [info] > git cat-file -s 3a0114039f50c686cd2a6d0026619a5ba6821973 [2ms]
2024-06-02 10:26:21.356 [info] > git show --textconv :classification_gpu.py [4ms]
2024-06-02 10:28:23.592 [info] > git check-ignore -v -z --stdin [5ms]
2024-06-02 10:30:26.701 [info] > git ls-files --stage -- /root/classification_gpu.py [4ms]
2024-06-02 10:30:26.708 [info] > git cat-file -s 3a0114039f50c686cd2a6d0026619a5ba6821973 [1ms]
2024-06-02 10:30:26.887 [info] > git show --textconv :classification_gpu.py [4ms]
2024-06-02 10:31:57.195 [info] > git merge-base refs/heads/cb refs/remotes/origin/cb [2ms]
2024-06-02 10:31:57.204 [info] > git rev-list --count --left-right refs/heads/cb...refs/remotes/origin/cb [2ms]
2024-06-02 10:31:58.013 [info] > git check-ignore -v -z --stdin [10ms]
2024-06-02 10:32:12.841 [info] > git check-ignore -v -z --stdin [7ms]
2024-06-02 10:32:16.937 [info] > git check-ignore -v -z --stdin [5ms]
2024-06-02 10:32:21.458 [info] > git check-ignore -v -z --stdin [5ms]
2024-06-02 10:32:36.279 [info] > git show --textconv :.gitignore [7ms]
2024-06-02 10:32:36.283 [info] > git ls-files --stage -- /root/.gitignore [4ms]
2024-06-02 10:32:36.292 [info] > git cat-file -s 0d532bc2a2a43917723da4fa11cd29bd82abc510 [2ms]
2024-06-02 10:32:54.209 [info] > git check-ignore -v -z --stdin [17ms]
2024-06-02 10:32:54.977 [info] > git ls-files --stage -- /root/.gitignore [5ms]
2024-06-02 10:32:54.987 [info] > git cat-file -s 0d532bc2a2a43917723da4fa11cd29bd82abc510 [2ms]
2024-06-02 10:32:55.198 [info] > git show --textconv :.gitignore [3ms]
2024-06-02 10:32:57.871 [info] > git check-ignore -v -z --stdin [17ms]
2024-06-02 10:33:00.500 [info] > git check-ignore -v -z --stdin [9ms]
2024-06-02 10:33:13.293 [info] > git show --textconv :classification_gpu.py [8ms]
2024-06-02 10:33:13.297 [info] > git ls-files --stage -- /root/classification_gpu.py [5ms]
2024-06-02 10:33:13.303 [info] > git cat-file -s 3a0114039f50c686cd2a6d0026619a5ba6821973 [1ms]
2024-06-02 10:34:54.201 [info] > git show --textconv :.gitignore [6ms]
2024-06-02 10:34:54.206 [info] > git ls-files --stage -- /root/.gitignore [4ms]
2024-06-02 10:34:54.212 [info] > git cat-file -s 0d532bc2a2a43917723da4fa11cd29bd82abc510 [1ms]
2024-06-02 10:35:04.872 [info] > git check-ignore -v -z --stdin [17ms]
2024-06-02 10:35:27.277 [info] > git show --textconv :classification_gpu.py [6ms]
2024-06-02 10:35:27.280 [info] > git ls-files --stage -- /root/classification_gpu.py [4ms]
2024-06-02 10:35:27.287 [info] > git cat-file -s 3a0114039f50c686cd2a6d0026619a5ba6821973 [1ms]
2024-06-02 10:36:54.817 [info] > git check-ignore -v -z --stdin [9ms]
2024-06-02 10:37:57.158 [info] > git check-ignore -v -z --stdin [8ms]
2024-06-02 10:38:18.201 [info] > git check-ignore -v -z --stdin [4ms]
2024-06-02 10:39:20.885 [info] > git check-ignore -v -z --stdin [4ms]
2024-06-02 10:39:31.303 [info] > git show --textconv :.gitignore [7ms]
2024-06-02 10:39:31.306 [info] > git ls-files --stage -- /root/.gitignore [3ms]
2024-06-02 10:39:31.314 [info] > git cat-file -s 0d532bc2a2a43917723da4fa11cd29bd82abc510 [1ms]
2024-06-02 10:39:33.800 [info] > git show --textconv :classification_gpu.py [7ms]
2024-06-02 10:39:33.804 [info] > git ls-files --stage -- /root/classification_gpu.py [4ms]
2024-06-02 10:39:33.812 [info] > git cat-file -s 3a0114039f50c686cd2a6d0026619a5ba6821973 [1ms]
2024-06-02 10:40:19.558 [info] > git ls-files --stage -- /root/classification_gpu.py [4ms]
2024-06-02 10:40:19.567 [info] > git cat-file -s 3a0114039f50c686cd2a6d0026619a5ba6821973 [1ms]
2024-06-02 10:40:19.751 [info] > git show --textconv :classification_gpu.py [4ms]
2024-06-02 10:43:20.081 [info] > git ls-files --stage -- /root/classification_gpu.py [4ms]
2024-06-02 10:43:20.090 [info] > git cat-file -s 3a0114039f50c686cd2a6d0026619a5ba6821973 [2ms]
2024-06-02 10:43:20.272 [info] > git show --textconv :classification_gpu.py [4ms]
2024-06-02 10:52:33.672 [info] > git ls-files --stage -- /root/classification_gpu.py [5ms]
2024-06-02 10:52:33.679 [info] > git cat-file -s 3a0114039f50c686cd2a6d0026619a5ba6821973 [2ms]
2024-06-02 10:52:33.892 [info] > git show --textconv :classification_gpu.py [4ms]
2024-06-02 11:00:11.754 [info] > git check-ignore -v -z --stdin [10ms]
2024-06-02 11:00:19.912 [info] > git config --get commit.template [8ms]
2024-06-02 11:00:19.912 [info] > git for-each-ref --format=%(refname)%00%(upstream:short)%00%(objectname)%00%(upstream:track)%00%(upstream:remotename)%00%(upstream:remoteref) refs/heads/cb refs/remotes/cb [2ms]
2024-06-02 11:00:19.956 [info] > git status -z -uall [37ms]
2024-06-02 11:00:23.533 [info] > git show --textconv :classification_gpu.py [8ms]
2024-06-02 11:00:23.536 [info] > git ls-files --stage -- /root/classification_gpu.py [4ms]
2024-06-02 11:00:23.543 [info] > git cat-file -s 3a0114039f50c686cd2a6d0026619a5ba6821973 [1ms]
2024-06-02 11:00:54.610 [info] > git check-ignore -v -z --stdin [11ms]
2024-06-02 11:01:05.450 [info] > git show --textconv :.gitignore [7ms]
2024-06-02 11:01:05.454 [info] > git ls-files --stage -- /root/.gitignore [4ms]
2024-06-02 11:01:05.462 [info] > git cat-file -s 0d532bc2a2a43917723da4fa11cd29bd82abc510 [1ms]
2024-06-02 11:01:10.504 [info] > git show --textconv :classification_gpu.py [8ms]
2024-06-02 11:01:10.508 [info] > git ls-files --stage -- /root/classification_gpu.py [5ms]
2024-06-02 11:01:10.517 [info] > git cat-file -s 3a0114039f50c686cd2a6d0026619a5ba6821973 [2ms]
2024-06-02 11:01:35.620 [info] > git config --get commit.template [8ms]
2024-06-02 11:01:35.620 [info] > git for-each-ref --format=%(refname)%00%(upstream:short)%00%(objectname)%00%(upstream:track)%00%(upstream:remotename)%00%(upstream:remoteref) refs/heads/cb refs/remotes/cb [2ms]
2024-06-02 11:01:35.662 [info] > git status -z -uall [35ms]
2024-06-02 11:05:50.840 [info] > git ls-files --stage -- /root/classification_gpu.py [4ms]
2024-06-02 11:05:50.847 [info] > git cat-file -s 3a0114039f50c686cd2a6d0026619a5ba6821973 [2ms]
2024-06-02 11:05:51.028 [info] > git show --textconv :classification_gpu.py [4ms]
2024-06-02 11:16:06.963 [info] > git check-ignore -v -z --stdin [5ms]
2024-06-02 11:17:12.037 [info] > git ls-files --stage -- /root/classification_gpu.py [4ms]
2024-06-02 11:17:12.045 [info] > git cat-file -s 3a0114039f50c686cd2a6d0026619a5ba6821973 [1ms]
2024-06-02 11:17:12.229 [info] > git show --textconv :classification_gpu.py [4ms]
2024-06-02 11:17:12.357 [info] > git config --get commit.template [1ms]
2024-06-02 11:17:12.365 [info] > git for-each-ref --format=%(refname)%00%(upstream:short)%00%(objectname)%00%(upstream:track)%00%(upstream:remotename)%00%(upstream:remoteref) refs/heads/cb refs/remotes/cb [1ms]
2024-06-02 11:17:12.409 [info] > git status -z -uall [36ms]
2024-06-02 11:18:10.077 [info] > git check-ignore -v -z --stdin [7ms]
2024-06-02 11:19:23.519 [info] > git config --get commit.template [8ms]
2024-06-02 11:19:23.519 [info] > git for-each-ref --format=%(refname)%00%(upstream:short)%00%(objectname)%00%(upstream:track)%00%(upstream:remotename)%00%(upstream:remoteref) refs/heads/cb refs/remotes/cb [2ms]
2024-06-02 11:19:23.564 [info] > git status -z -uall [38ms]
2024-06-02 11:19:23.683 [info] > git ls-files --stage -- /root/classification_gpu.py [4ms]
2024-06-02 11:19:23.691 [info] > git cat-file -s 3a0114039f50c686cd2a6d0026619a5ba6821973 [1ms]
2024-06-02 11:19:23.870 [info] > git show --textconv :classification_gpu.py [4ms]
2024-06-02 11:21:36.006 [info] > git check-ignore -v -z --stdin [5ms]
2024-06-02 11:21:41.870 [info] > git config --get commit.template [5ms]
2024-06-02 11:21:41.871 [info] > git for-each-ref --format=%(refname)%00%(upstream:short)%00%(objectname)%00%(upstream:track)%00%(upstream:remotename)%00%(upstream:remoteref) refs/heads/cb refs/remotes/cb [1ms]
2024-06-02 11:21:41.969 [info] > git status -z -uall [92ms] (cancelled)
2024-06-02 11:21:43.071 [info] > git check-ignore -v -z --stdin [5ms]
2024-06-02 11:21:46.791 [info] > git ls-files --stage -- /root/classification_gpu.py [4ms]
2024-06-02 11:21:46.799 [info] > git cat-file -s 3a0114039f50c686cd2a6d0026619a5ba6821973 [0ms]
2024-06-02 11:21:46.982 [info] > git show --textconv :classification_gpu.py [4ms]
2024-06-02 11:22:05.592 [info] > git check-ignore -v -z --stdin [6ms]
2024-06-02 11:24:47.539 [info] > git ls-files --stage -- /root/classification_gpu.py [5ms]
2024-06-02 11:24:47.548 [info] > git cat-file -s 3a0114039f50c686cd2a6d0026619a5ba6821973 [1ms]
2024-06-02 11:24:47.729 [info] > git show --textconv :classification_gpu.py [4ms]
2024-06-02 11:27:56.798 [info] > git ls-files --stage -- /root/classification_gpu.py [4ms]
2024-06-02 11:27:56.807 [info] > git cat-file -s 3a0114039f50c686cd2a6d0026619a5ba6821973 [1ms]
2024-06-02 11:27:56.990 [info] > git show --textconv :classification_gpu.py [4ms]
2024-06-02 11:29:17.394 [info] > git ls-files --stage -- /root/classification_gpu.py [5ms]
2024-06-02 11:29:17.400 [info] > git cat-file -s 58b4a27c63337e4b232f02f505e94cddf29e1b47 [1ms]
2024-06-02 11:29:17.583 [info] > git show --textconv :classification_gpu.py [3ms]
2024-06-02 11:29:47.336 [info] > git ls-files --stage -- /root/classification_gpu.py [4ms]
2024-06-02 11:29:47.345 [info] > git cat-file -s 58b4a27c63337e4b232f02f505e94cddf29e1b47 [2ms]
2024-06-02 11:29:47.529 [info] > git show --textconv :classification_gpu.py [4ms]
2024-06-02 11:30:58.264 [info] > git ls-files --stage -- /root/classification_gpu.py [5ms]
2024-06-02 11:30:58.273 [info] > git cat-file -s 58b4a27c63337e4b232f02f505e94cddf29e1b47 [1ms]
2024-06-02 11:30:58.458 [info] > git show --textconv :classification_gpu.py [5ms]
2024-06-02 11:31:28.668 [info] > git ls-files --stage -- /root/classification_gpu.py [11ms]
2024-06-02 11:31:28.744 [info] > git cat-file -s 58b4a27c63337e4b232f02f505e94cddf29e1b47 [0ms]
2024-06-02 11:31:28.966 [info] > git show --textconv :classification_gpu.py [4ms]
2024-06-02 11:31:50.799 [info] > git show --textconv :classification_gpu.py [6ms]
2024-06-02 11:31:50.803 [info] > git ls-files --stage -- /root/classification_gpu.py [5ms]
2024-06-02 11:31:50.810 [info] > git cat-file -s 58b4a27c63337e4b232f02f505e94cddf29e1b47 [1ms]
2024-06-02 11:33:02.062 [info] > git ls-files --stage -- /root/classification_gpu.py [4ms]
2024-06-02 11:33:02.070 [info] > git cat-file -s 58b4a27c63337e4b232f02f505e94cddf29e1b47 [2ms]
2024-06-02 11:33:02.251 [info] > git show --textconv :classification_gpu.py [4ms]
