2024-06-02 09:49:30.684 [info] Log level: Info
2024-06-02 09:49:30.684 [info] Validating found git in: "git"
2024-06-02 09:49:30.684 [info] Using git "2.34.1" from "git"
2024-06-02 09:49:30.684 [info] > git rev-parse --show-toplevel [3ms]
2024-06-02 09:49:30.684 [info] > git rev-parse --git-dir --git-common-dir [1ms]
2024-06-02 09:49:30.684 [info] Open repository: /root
2024-06-02 09:49:30.684 [info] > git config --get commit.template [4ms]
2024-06-02 09:49:30.684 [info] > git rev-parse --show-toplevel [3ms]
2024-06-02 09:49:30.684 [info] > git for-each-ref --format=%(refname)%00%(upstream:short)%00%(objectname)%00%(upstream:track)%00%(upstream:remotename)%00%(upstream:remoteref) refs/heads/cb refs/remotes/cb [7ms]
2024-06-02 09:49:30.684 [info] > git rev-parse --show-toplevel [3ms]
2024-06-02 09:49:30.684 [info] > git rev-parse --show-toplevel [4ms]
2024-06-02 09:49:30.684 [info] > git rev-parse --show-toplevel [1ms]
2024-06-02 09:49:30.684 [info] > git rev-parse --show-toplevel [1ms]
2024-06-02 09:49:30.684 [info] > git rev-parse --show-toplevel [1ms]
2024-06-02 09:49:30.684 [info] > git rev-parse --show-toplevel [1ms]
2024-06-02 09:49:30.684 [info] > git rev-parse --show-toplevel [1ms]
2024-06-02 09:49:30.684 [info] > git rev-parse --show-toplevel [1ms]
2024-06-02 09:49:30.684 [info] > git rev-parse --show-toplevel [1ms]
2024-06-02 09:49:30.684 [info] > git rev-parse --show-toplevel [1ms]
2024-06-02 09:49:30.964 [info] > git fetch [405ms]
2024-06-02 09:49:30.976 [info] > git status -z -uall [384ms] (cancelled)
2024-06-02 09:49:30.977 [info] > git config --get commit.template [2ms]
2024-06-02 09:49:30.978 [info] > git config --get commit.template [6ms]
2024-06-02 09:49:30.988 [info] > git for-each-ref --format=%(refname)%00%(upstream:short)%00%(objectname)%00%(upstream:track)%00%(upstream:remotename)%00%(upstream:remoteref) refs/heads/cb refs/remotes/cb [6ms]
2024-06-02 09:49:30.990 [info] > git for-each-ref --format=%(refname)%00%(upstream:short)%00%(objectname)%00%(upstream:track)%00%(upstream:remotename)%00%(upstream:remoteref) refs/heads/cb refs/remotes/cb [4ms]
2024-06-02 09:49:31.213 [info] > git check-ignore -v -z --stdin [1ms]
2024-06-02 09:49:31.869 [info] > git status -z -uall [874ms]
2024-06-02 09:49:31.915 [info] > git merge-base refs/heads/cb refs/remotes/origin/cb [31ms]
2024-06-02 09:49:31.924 [info] > git rev-list --count --left-right refs/heads/cb...refs/remotes/origin/cb [3ms]
2024-06-02 09:49:31.931 [info] > git diff --name-status -z --diff-filter=ADMR 69aef02a907e55afdfb148508b4ce71c48f09840...refs/remotes/origin/cb [1ms]
2024-06-02 09:49:33.776 [info] > git config --get commit.template [7ms]
2024-06-02 09:49:33.778 [info] > git for-each-ref --format=%(refname)%00%(upstream:short)%00%(objectname)%00%(upstream:track)%00%(upstream:remotename)%00%(upstream:remoteref) refs/heads/cb refs/remotes/cb [3ms]
2024-06-02 09:49:34.648 [info] > git status -z -uall [864ms]
2024-06-02 09:49:39.687 [info] > git config --get commit.template [7ms]
2024-06-02 09:49:39.688 [info] > git for-each-ref --format=%(refname)%00%(upstream:short)%00%(objectname)%00%(upstream:track)%00%(upstream:remotename)%00%(upstream:remoteref) refs/heads/cb refs/remotes/cb [2ms]
2024-06-02 09:49:40.561 [info] > git status -z -uall [864ms]
2024-06-02 09:49:45.597 [info] > git config --get commit.template [7ms]
2024-06-02 09:49:45.598 [info] > git for-each-ref --format=%(refname)%00%(upstream:short)%00%(objectname)%00%(upstream:track)%00%(upstream:remotename)%00%(upstream:remoteref) refs/heads/cb refs/remotes/cb [2ms]
2024-06-02 09:49:46.464 [info] > git status -z -uall [859ms]
2024-06-02 09:49:51.494 [info] > git config --get commit.template [1ms]
2024-06-02 09:49:51.504 [info] > git for-each-ref --format=%(refname)%00%(upstream:short)%00%(objectname)%00%(upstream:track)%00%(upstream:remotename)%00%(upstream:remoteref) refs/heads/cb refs/remotes/cb [2ms]
2024-06-02 09:49:52.369 [info] > git status -z -uall [859ms]
2024-06-02 09:49:57.409 [info] > git config --get commit.template [8ms]
2024-06-02 09:49:57.410 [info] > git for-each-ref --format=%(refname)%00%(upstream:short)%00%(objectname)%00%(upstream:track)%00%(upstream:remotename)%00%(upstream:remoteref) refs/heads/cb refs/remotes/cb [2ms]
2024-06-02 09:49:58.279 [info] > git status -z -uall [862ms]
2024-06-02 09:50:03.314 [info] > git config --get commit.template [6ms]
2024-06-02 09:50:03.315 [info] > git for-each-ref --format=%(refname)%00%(upstream:short)%00%(objectname)%00%(upstream:track)%00%(upstream:remotename)%00%(upstream:remoteref) refs/heads/cb refs/remotes/cb [3ms]
2024-06-02 09:50:03.949 [info] > git merge-base refs/heads/cb refs/remotes/origin/cb [2ms]
2024-06-02 09:50:03.957 [info] > git rev-list --count --left-right refs/heads/cb...refs/remotes/origin/cb [2ms]
2024-06-02 09:50:04.180 [info] > git status -z -uall [860ms]
2024-06-02 09:50:04.991 [info] > git check-ignore -v -z --stdin [2ms]
2024-06-02 09:50:09.217 [info] > git config --get commit.template [8ms]
2024-06-02 09:50:09.219 [info] > git for-each-ref --format=%(refname)%00%(upstream:short)%00%(objectname)%00%(upstream:track)%00%(upstream:remotename)%00%(upstream:remoteref) refs/heads/cb refs/remotes/cb [3ms]
2024-06-02 09:50:10.084 [info] > git status -z -uall [858ms]
2024-06-02 09:50:31.002 [info] > git config --get commit.template [7ms]
2024-06-02 09:50:31.003 [info] > git for-each-ref --format=%(refname)%00%(upstream:short)%00%(objectname)%00%(upstream:track)%00%(upstream:remotename)%00%(upstream:remoteref) refs/heads/cb refs/remotes/cb [3ms]
2024-06-02 09:50:31.871 [info] > git status -z -uall [862ms]
2024-06-02 09:50:36.909 [info] > git config --get commit.template [7ms]
2024-06-02 09:50:36.911 [info] > git for-each-ref --format=%(refname)%00%(upstream:short)%00%(objectname)%00%(upstream:track)%00%(upstream:remotename)%00%(upstream:remoteref) refs/heads/cb refs/remotes/cb [3ms]
2024-06-02 09:50:37.776 [info] > git status -z -uall [859ms]
2024-06-02 09:50:42.813 [info] > git config --get commit.template [7ms]
2024-06-02 09:50:42.815 [info] > git for-each-ref --format=%(refname)%00%(upstream:short)%00%(objectname)%00%(upstream:track)%00%(upstream:remotename)%00%(upstream:remoteref) refs/heads/cb refs/remotes/cb [2ms]
2024-06-02 09:50:43.684 [info] > git status -z -uall [862ms]
2024-06-02 09:50:48.724 [info] > git config --get commit.template [6ms]
2024-06-02 09:50:48.726 [info] > git for-each-ref --format=%(refname)%00%(upstream:short)%00%(objectname)%00%(upstream:track)%00%(upstream:remotename)%00%(upstream:remoteref) refs/heads/cb refs/remotes/cb [2ms]
2024-06-02 09:50:49.611 [info] > git status -z -uall [880ms]
2024-06-02 09:50:54.648 [info] > git config --get commit.template [8ms]
2024-06-02 09:50:54.649 [info] > git for-each-ref --format=%(refname)%00%(upstream:short)%00%(objectname)%00%(upstream:track)%00%(upstream:remotename)%00%(upstream:remoteref) refs/heads/cb refs/remotes/cb [2ms]
2024-06-02 09:50:55.523 [info] > git status -z -uall [869ms]
2024-06-02 09:50:59.100 [info] > git check-ignore -v -z --stdin [2ms]
2024-06-02 09:51:00.561 [info] > git config --get commit.template [8ms]
2024-06-02 09:51:00.563 [info] > git for-each-ref --format=%(refname)%00%(upstream:short)%00%(objectname)%00%(upstream:track)%00%(upstream:remotename)%00%(upstream:remoteref) refs/heads/cb refs/remotes/cb [3ms]
2024-06-02 09:51:01.447 [info] > git status -z -uall [877ms]
2024-06-02 09:51:06.482 [info] > git config --get commit.template [7ms]
2024-06-02 09:51:06.483 [info] > git for-each-ref --format=%(refname)%00%(upstream:short)%00%(objectname)%00%(upstream:track)%00%(upstream:remotename)%00%(upstream:remoteref) refs/heads/cb refs/remotes/cb [2ms]
2024-06-02 09:51:07.350 [info] > git status -z -uall [860ms]
2024-06-02 09:51:12.387 [info] > git config --get commit.template [7ms]
2024-06-02 09:51:12.389 [info] > git for-each-ref --format=%(refname)%00%(upstream:short)%00%(objectname)%00%(upstream:track)%00%(upstream:remotename)%00%(upstream:remoteref) refs/heads/cb refs/remotes/cb [3ms]
2024-06-02 09:51:13.260 [info] > git status -z -uall [865ms]
2024-06-02 09:51:18.297 [info] > git config --get commit.template [7ms]
2024-06-02 09:51:18.298 [info] > git for-each-ref --format=%(refname)%00%(upstream:short)%00%(objectname)%00%(upstream:track)%00%(upstream:remotename)%00%(upstream:remoteref) refs/heads/cb refs/remotes/cb [2ms]
2024-06-02 09:51:19.163 [info] > git status -z -uall [858ms]
2024-06-02 09:51:24.201 [info] > git config --get commit.template [9ms]
2024-06-02 09:51:24.202 [info] > git for-each-ref --format=%(refname)%00%(upstream:short)%00%(objectname)%00%(upstream:track)%00%(upstream:remotename)%00%(upstream:remoteref) refs/heads/cb refs/remotes/cb [2ms]
2024-06-02 09:51:25.071 [info] > git status -z -uall [862ms]
2024-06-02 09:51:30.106 [info] > git config --get commit.template [8ms]
2024-06-02 09:51:30.108 [info] > git for-each-ref --format=%(refname)%00%(upstream:short)%00%(objectname)%00%(upstream:track)%00%(upstream:remotename)%00%(upstream:remoteref) refs/heads/cb refs/remotes/cb [2ms]
2024-06-02 09:51:30.976 [info] > git status -z -uall [861ms]
2024-06-02 09:51:36.010 [info] > git config --get commit.template [8ms]
2024-06-02 09:51:36.011 [info] > git for-each-ref --format=%(refname)%00%(upstream:short)%00%(objectname)%00%(upstream:track)%00%(upstream:remotename)%00%(upstream:remoteref) refs/heads/cb refs/remotes/cb [2ms]
2024-06-02 09:51:36.877 [info] > git status -z -uall [859ms]
2024-06-02 09:51:41.914 [info] > git config --get commit.template [8ms]
2024-06-02 09:51:41.916 [info] > git for-each-ref --format=%(refname)%00%(upstream:short)%00%(objectname)%00%(upstream:track)%00%(upstream:remotename)%00%(upstream:remoteref) refs/heads/cb refs/remotes/cb [3ms]
2024-06-02 09:51:42.779 [info] > git status -z -uall [856ms]
2024-06-02 09:51:47.818 [info] > git config --get commit.template [8ms]
2024-06-02 09:51:47.820 [info] > git for-each-ref --format=%(refname)%00%(upstream:short)%00%(objectname)%00%(upstream:track)%00%(upstream:remotename)%00%(upstream:remoteref) refs/heads/cb refs/remotes/cb [2ms]
2024-06-02 09:51:48.689 [info] > git status -z -uall [862ms]
2024-06-02 09:51:53.725 [info] > git config --get commit.template [8ms]
2024-06-02 09:51:53.727 [info] > git for-each-ref --format=%(refname)%00%(upstream:short)%00%(objectname)%00%(upstream:track)%00%(upstream:remotename)%00%(upstream:remoteref) refs/heads/cb refs/remotes/cb [3ms]
2024-06-02 09:51:54.594 [info] > git status -z -uall [859ms]
2024-06-02 09:51:59.629 [info] > git config --get commit.template [6ms]
2024-06-02 09:51:59.631 [info] > git for-each-ref --format=%(refname)%00%(upstream:short)%00%(objectname)%00%(upstream:track)%00%(upstream:remotename)%00%(upstream:remoteref) refs/heads/cb refs/remotes/cb [3ms]
2024-06-02 09:52:00.503 [info] > git status -z -uall [866ms]
2024-06-02 09:52:05.537 [info] > git config --get commit.template [6ms]
2024-06-02 09:52:05.539 [info] > git for-each-ref --format=%(refname)%00%(upstream:short)%00%(objectname)%00%(upstream:track)%00%(upstream:remotename)%00%(upstream:remoteref) refs/heads/cb refs/remotes/cb [2ms]
2024-06-02 09:52:06.409 [info] > git status -z -uall [864ms]
2024-06-02 09:52:11.446 [info] > git config --get commit.template [7ms]
2024-06-02 09:52:11.448 [info] > git for-each-ref --format=%(refname)%00%(upstream:short)%00%(objectname)%00%(upstream:track)%00%(upstream:remotename)%00%(upstream:remoteref) refs/heads/cb refs/remotes/cb [3ms]
2024-06-02 09:52:12.312 [info] > git status -z -uall [858ms]
2024-06-02 09:52:17.351 [info] > git config --get commit.template [6ms]
2024-06-02 09:52:17.352 [info] > git for-each-ref --format=%(refname)%00%(upstream:short)%00%(objectname)%00%(upstream:track)%00%(upstream:remotename)%00%(upstream:remoteref) refs/heads/cb refs/remotes/cb [2ms]
2024-06-02 09:52:18.221 [info] > git status -z -uall [861ms]
2024-06-02 09:52:23.263 [info] > git config --get commit.template [6ms]
2024-06-02 09:52:23.264 [info] > git for-each-ref --format=%(refname)%00%(upstream:short)%00%(objectname)%00%(upstream:track)%00%(upstream:remotename)%00%(upstream:remoteref) refs/heads/cb refs/remotes/cb [2ms]
2024-06-02 09:52:24.128 [info] > git status -z -uall [857ms]
2024-06-02 09:52:29.166 [info] > git config --get commit.template [7ms]
2024-06-02 09:52:29.167 [info] > git for-each-ref --format=%(refname)%00%(upstream:short)%00%(objectname)%00%(upstream:track)%00%(upstream:remotename)%00%(upstream:remoteref) refs/heads/cb refs/remotes/cb [2ms]
2024-06-02 09:52:30.046 [info] > git status -z -uall [871ms]
2024-06-02 09:52:31.399 [info] > git fetch [399ms]
2024-06-02 09:52:31.416 [info] > git config --get commit.template [8ms]
2024-06-02 09:52:31.418 [info] > git for-each-ref --format=%(refname)%00%(upstream:short)%00%(objectname)%00%(upstream:track)%00%(upstream:remotename)%00%(upstream:remoteref) refs/heads/cb refs/remotes/cb [2ms]
2024-06-02 09:52:32.284 [info] > git status -z -uall [858ms]
2024-06-02 09:52:35.083 [info] > git config --get commit.template [8ms]
2024-06-02 09:52:35.084 [info] > git for-each-ref --format=%(refname)%00%(upstream:short)%00%(objectname)%00%(upstream:track)%00%(upstream:remotename)%00%(upstream:remoteref) refs/heads/cb refs/remotes/cb [2ms]
2024-06-02 09:52:35.953 [info] > git status -z -uall [862ms]
2024-06-02 09:52:55.592 [info] > git config --get commit.template [6ms]
2024-06-02 09:52:55.592 [info] > git for-each-ref --format=%(refname)%00%(upstream:short)%00%(objectname)%00%(upstream:track)%00%(upstream:remotename)%00%(upstream:remoteref) refs/heads/cb refs/remotes/cb [1ms]
2024-06-02 09:52:56.458 [info] > git status -z -uall [858ms]
2024-06-02 09:53:01.492 [info] > git config --get commit.template [6ms]
2024-06-02 09:53:01.493 [info] > git for-each-ref --format=%(refname)%00%(upstream:short)%00%(objectname)%00%(upstream:track)%00%(upstream:remotename)%00%(upstream:remoteref) refs/heads/cb refs/remotes/cb [2ms]
2024-06-02 09:53:02.358 [info] > git status -z -uall [858ms]
2024-06-02 09:53:07.570 [info] > git config --get commit.template [5ms]
2024-06-02 09:53:07.571 [info] > git for-each-ref --format=%(refname)%00%(upstream:short)%00%(objectname)%00%(upstream:track)%00%(upstream:remotename)%00%(upstream:remoteref) refs/heads/cb refs/remotes/cb [2ms]
2024-06-02 09:53:08.434 [info] > git status -z -uall [858ms]
2024-06-02 09:53:13.472 [info] > git config --get commit.template [7ms]
2024-06-02 09:53:13.474 [info] > git for-each-ref --format=%(refname)%00%(upstream:short)%00%(objectname)%00%(upstream:track)%00%(upstream:remotename)%00%(upstream:remoteref) refs/heads/cb refs/remotes/cb [2ms]
2024-06-02 09:53:14.342 [info] > git status -z -uall [861ms]
2024-06-02 09:53:19.379 [info] > git config --get commit.template [6ms]
2024-06-02 09:53:19.381 [info] > git for-each-ref --format=%(refname)%00%(upstream:short)%00%(objectname)%00%(upstream:track)%00%(upstream:remotename)%00%(upstream:remoteref) refs/heads/cb refs/remotes/cb [2ms]
2024-06-02 09:53:20.249 [info] > git status -z -uall [860ms]
2024-06-02 09:53:25.288 [info] > git config --get commit.template [7ms]
2024-06-02 09:53:25.289 [info] > git for-each-ref --format=%(refname)%00%(upstream:short)%00%(objectname)%00%(upstream:track)%00%(upstream:remotename)%00%(upstream:remoteref) refs/heads/cb refs/remotes/cb [2ms]
2024-06-02 09:53:26.155 [info] > git status -z -uall [859ms]
2024-06-02 09:53:31.193 [info] > git config --get commit.template [8ms]
2024-06-02 09:53:31.194 [info] > git for-each-ref --format=%(refname)%00%(upstream:short)%00%(objectname)%00%(upstream:track)%00%(upstream:remotename)%00%(upstream:remoteref) refs/heads/cb refs/remotes/cb [2ms]
2024-06-02 09:53:32.060 [info] > git status -z -uall [859ms]
2024-06-02 09:53:34.997 [info] > git check-ignore -v -z --stdin [2ms]
2024-06-02 09:53:37.100 [info] > git config --get commit.template [6ms]
2024-06-02 09:53:37.102 [info] > git for-each-ref --format=%(refname)%00%(upstream:short)%00%(objectname)%00%(upstream:track)%00%(upstream:remotename)%00%(upstream:remoteref) refs/heads/cb refs/remotes/cb [2ms]
2024-06-02 09:53:37.967 [info] > git status -z -uall [859ms]
2024-06-02 09:53:43.006 [info] > git config --get commit.template [7ms]
2024-06-02 09:53:43.009 [info] > git for-each-ref --format=%(refname)%00%(upstream:short)%00%(objectname)%00%(upstream:track)%00%(upstream:remotename)%00%(upstream:remoteref) refs/heads/cb refs/remotes/cb [3ms]
2024-06-02 09:53:43.879 [info] > git status -z -uall [864ms]
2024-06-02 09:54:21.404 [info] > git config --get commit.template [7ms]
2024-06-02 09:54:21.406 [info] > git for-each-ref --format=%(refname)%00%(upstream:short)%00%(objectname)%00%(upstream:track)%00%(upstream:remotename)%00%(upstream:remoteref) refs/heads/cb refs/remotes/cb [3ms]
2024-06-02 09:54:22.273 [info] > git status -z -uall [862ms]
2024-06-02 09:54:22.708 [info] > git check-ignore -v -z --stdin [1ms]
2024-06-02 09:54:27.313 [info] > git config --get commit.template [7ms]
2024-06-02 09:54:27.314 [info] > git for-each-ref --format=%(refname)%00%(upstream:short)%00%(objectname)%00%(upstream:track)%00%(upstream:remotename)%00%(upstream:remoteref) refs/heads/cb refs/remotes/cb [2ms]
2024-06-02 09:54:28.183 [info] > git status -z -uall [863ms]
2024-06-02 09:54:33.219 [info] > git config --get commit.template [7ms]
2024-06-02 09:54:33.221 [info] > git for-each-ref --format=%(refname)%00%(upstream:short)%00%(objectname)%00%(upstream:track)%00%(upstream:remotename)%00%(upstream:remoteref) refs/heads/cb refs/remotes/cb [2ms]
2024-06-02 09:54:34.091 [info] > git status -z -uall [864ms]
2024-06-02 09:54:39.126 [info] > git config --get commit.template [7ms]
2024-06-02 09:54:39.126 [info] > git for-each-ref --format=%(refname)%00%(upstream:short)%00%(objectname)%00%(upstream:track)%00%(upstream:remotename)%00%(upstream:remoteref) refs/heads/cb refs/remotes/cb [1ms]
2024-06-02 09:54:39.996 [info] > git status -z -uall [862ms]
2024-06-02 09:54:45.031 [info] > git config --get commit.template [8ms]
2024-06-02 09:54:45.033 [info] > git for-each-ref --format=%(refname)%00%(upstream:short)%00%(objectname)%00%(upstream:track)%00%(upstream:remotename)%00%(upstream:remoteref) refs/heads/cb refs/remotes/cb [2ms]
2024-06-02 09:54:45.901 [info] > git status -z -uall [862ms]
2024-06-02 09:54:50.939 [info] > git config --get commit.template [9ms]
2024-06-02 09:54:50.940 [info] > git for-each-ref --format=%(refname)%00%(upstream:short)%00%(objectname)%00%(upstream:track)%00%(upstream:remotename)%00%(upstream:remoteref) refs/heads/cb refs/remotes/cb [2ms]
2024-06-02 09:54:51.812 [info] > git status -z -uall [864ms]
2024-06-02 09:54:56.851 [info] > git config --get commit.template [8ms]
2024-06-02 09:54:56.853 [info] > git for-each-ref --format=%(refname)%00%(upstream:short)%00%(objectname)%00%(upstream:track)%00%(upstream:remotename)%00%(upstream:remoteref) refs/heads/cb refs/remotes/cb [3ms]
2024-06-02 09:54:57.717 [info] > git status -z -uall [858ms]
2024-06-02 09:55:00.486 [info] > git check-ignore -v -z --stdin [1ms]
2024-06-02 09:55:01.549 [info] > git log --format=%H%n%aN%n%aE%n%at%n%ct%n%P%n%D%n%B -z -n120 --follow -- /root/__pycache__/layers.cpython-39.pyc [8ms]
2024-06-02 09:55:02.751 [info] > git config --get commit.template [7ms]
2024-06-02 09:55:02.752 [info] > git for-each-ref --format=%(refname)%00%(upstream:short)%00%(objectname)%00%(upstream:track)%00%(upstream:remotename)%00%(upstream:remoteref) refs/heads/cb refs/remotes/cb [2ms]
2024-06-02 09:55:03.624 [info] > git status -z -uall [863ms]
2024-06-02 09:55:04.341 [info] > git check-ignore -v -z --stdin [2ms]
2024-06-02 09:55:07.671 [info] > git check-ignore -v -z --stdin [1ms]
2024-06-02 09:55:08.663 [info] > git config --get commit.template [8ms]
2024-06-02 09:55:08.665 [info] > git for-each-ref --format=%(refname)%00%(upstream:short)%00%(objectname)%00%(upstream:track)%00%(upstream:remotename)%00%(upstream:remoteref) refs/heads/cb refs/remotes/cb [3ms]
2024-06-02 09:55:09.532 [info] > git status -z -uall [859ms]
2024-06-02 09:55:10.024 [info] > git check-ignore -v -z --stdin [1ms]
2024-06-02 09:55:14.570 [info] > git config --get commit.template [7ms]
2024-06-02 09:55:14.572 [info] > git for-each-ref --format=%(refname)%00%(upstream:short)%00%(objectname)%00%(upstream:track)%00%(upstream:remotename)%00%(upstream:remoteref) refs/heads/cb refs/remotes/cb [2ms]
2024-06-02 09:55:15.435 [info] > git status -z -uall [858ms]
2024-06-02 09:55:18.878 [info] > git check-ignore -v -z --stdin [1ms]
2024-06-02 09:55:20.471 [info] > git config --get commit.template [7ms]
2024-06-02 09:55:20.473 [info] > git for-each-ref --format=%(refname)%00%(upstream:short)%00%(objectname)%00%(upstream:track)%00%(upstream:remotename)%00%(upstream:remoteref) refs/heads/cb refs/remotes/cb [2ms]
2024-06-02 09:55:21.360 [info] > git status -z -uall [881ms]
2024-06-02 09:55:26.395 [info] > git config --get commit.template [7ms]
2024-06-02 09:55:26.396 [info] > git for-each-ref --format=%(refname)%00%(upstream:short)%00%(objectname)%00%(upstream:track)%00%(upstream:remotename)%00%(upstream:remoteref) refs/heads/cb refs/remotes/cb [2ms]
2024-06-02 09:55:27.264 [info] > git status -z -uall [862ms]
2024-06-02 09:55:49.106 [info] > git config --get commit.template [7ms]
2024-06-02 09:55:49.108 [info] > git for-each-ref --format=%(refname)%00%(upstream:short)%00%(objectname)%00%(upstream:track)%00%(upstream:remotename)%00%(upstream:remoteref) refs/heads/cb refs/remotes/cb [3ms]
2024-06-02 09:55:49.490 [info] > git fetch [397ms]
2024-06-02 09:55:49.499 [info] > git status -z -uall [386ms] (cancelled)
2024-06-02 09:55:49.500 [info] > git config --get commit.template [1ms]
2024-06-02 09:55:49.508 [info] > git for-each-ref --format=%(refname)%00%(upstream:short)%00%(objectname)%00%(upstream:track)%00%(upstream:remotename)%00%(upstream:remoteref) refs/heads/cb refs/remotes/cb [2ms]
2024-06-02 09:55:50.375 [info] > git status -z -uall [860ms]
2024-06-02 09:55:50.691 [info] > git rev-list --count b61f9d5c3a0a65fb2f643ea968fa4a4a49784fa4.. -- /root/__pycache__/layers.cpython-39.pyc [5ms]
2024-06-02 09:55:50.703 [info] > git log --format=%H%n%aN%n%aE%n%at%n%ct%n%P%n%D%n%B -z -n11 --follow -- /root/__pycache__/layers.cpython-39.pyc [4ms]
2024-06-02 09:55:51.078 [info] > git rev-list --count 94003ddc2b3eaecd15c337b07f1229fff278018f.. -- /root/__pycache__/layers.cpython-39.pyc [3ms]
2024-06-02 09:55:51.089 [info] > git log --format=%H%n%aN%n%aE%n%at%n%ct%n%P%n%D%n%B -z -n7 --follow -- /root/__pycache__/layers.cpython-39.pyc [3ms]
2024-06-02 09:55:54.507 [info] > git config --get commit.template [7ms]
2024-06-02 09:55:54.508 [info] > git for-each-ref --format=%(refname)%00%(upstream:short)%00%(objectname)%00%(upstream:track)%00%(upstream:remotename)%00%(upstream:remoteref) refs/heads/cb refs/remotes/cb [2ms]
2024-06-02 09:55:55.374 [info] > git status -z -uall [859ms]
2024-06-02 09:55:59.891 [info] > git check-ignore -v -z --stdin [2ms]
2024-06-02 09:56:00.407 [info] > git config --get commit.template [5ms]
2024-06-02 09:56:00.409 [info] > git for-each-ref --format=%(refname)%00%(upstream:short)%00%(objectname)%00%(upstream:track)%00%(upstream:remotename)%00%(upstream:remoteref) refs/heads/cb refs/remotes/cb [2ms]
2024-06-02 09:56:01.280 [info] > git status -z -uall [866ms]
2024-06-02 09:56:06.314 [info] > git config --get commit.template [6ms]
2024-06-02 09:56:06.316 [info] > git for-each-ref --format=%(refname)%00%(upstream:short)%00%(objectname)%00%(upstream:track)%00%(upstream:remotename)%00%(upstream:remoteref) refs/heads/cb refs/remotes/cb [3ms]
2024-06-02 09:56:07.183 [info] > git status -z -uall [863ms]
2024-06-02 09:56:08.911 [info] > git check-ignore -v -z --stdin [1ms]
2024-06-02 09:56:10.728 [info] > git check-ignore -v -z --stdin [1ms]
2024-06-02 09:56:12.218 [info] > git config --get commit.template [8ms]
2024-06-02 09:56:12.220 [info] > git for-each-ref --format=%(refname)%00%(upstream:short)%00%(objectname)%00%(upstream:track)%00%(upstream:remotename)%00%(upstream:remoteref) refs/heads/cb refs/remotes/cb [3ms]
2024-06-02 09:56:13.085 [info] > git status -z -uall [859ms]
2024-06-02 09:56:17.381 [info] > git check-ignore -v -z --stdin [1ms]
2024-06-02 09:56:17.915 [info] > git check-ignore -v -z --stdin [1ms]
2024-06-02 09:56:18.125 [info] > git config --get commit.template [8ms]
2024-06-02 09:56:18.127 [info] > git for-each-ref --format=%(refname)%00%(upstream:short)%00%(objectname)%00%(upstream:track)%00%(upstream:remotename)%00%(upstream:remoteref) refs/heads/cb refs/remotes/cb [3ms]
2024-06-02 09:56:18.997 [info] > git status -z -uall [863ms]
2024-06-02 09:56:22.652 [info] > git log --format=%H%n%aN%n%aE%n%at%n%ct%n%P%n%D%n%B -z -n120 --follow -- /root/classification_gpu.py [8ms]
2024-06-02 09:56:22.913 [info] > git show --textconv :classification_gpu.py [9ms]
2024-06-02 09:56:22.914 [info] > git ls-files --stage -- /root/classification_gpu.py [2ms]
2024-06-02 09:56:24.035 [info] > git config --get commit.template [8ms]
2024-06-02 09:56:24.036 [info] > git for-each-ref --format=%(refname)%00%(upstream:short)%00%(objectname)%00%(upstream:track)%00%(upstream:remotename)%00%(upstream:remoteref) refs/heads/cb refs/remotes/cb [2ms]
2024-06-02 09:56:24.088 [info] > git log --format=%H%n%aN%n%aE%n%at%n%ct%n%P%n%D%n%B -z -n120 --follow -- /root/classification_copy.py [4ms]
2024-06-02 09:56:24.446 [info] > git show --textconv :classification_copy.py [6ms]
2024-06-02 09:56:24.447 [info] > git ls-files --stage -- /root/classification_copy.py [1ms]
2024-06-02 09:56:24.902 [info] > git status -z -uall [858ms]
2024-06-02 09:56:25.530 [info] > git log --format=%H%n%aN%n%aE%n%at%n%ct%n%P%n%D%n%B -z -n120 --follow -- /root/classification.py [11ms]
2024-06-02 09:56:25.889 [info] > git show --textconv :classification.py [8ms]
2024-06-02 09:56:25.890 [info] > git ls-files --stage -- /root/classification.py [1ms]
2024-06-02 09:56:25.898 [info] > git cat-file -s 91a3e4f5a62c3084fa63689a7a4b4b11b070366f [1ms]
2024-06-02 09:56:29.935 [info] > git config --get commit.template [7ms]
2024-06-02 09:56:29.937 [info] > git for-each-ref --format=%(refname)%00%(upstream:short)%00%(objectname)%00%(upstream:track)%00%(upstream:remotename)%00%(upstream:remoteref) refs/heads/cb refs/remotes/cb [2ms]
2024-06-02 09:56:30.873 [info] > git status -z -uall [930ms]
2024-06-02 09:56:36.054 [info] > git config --get commit.template [3ms]
2024-06-02 09:56:36.064 [info] > git for-each-ref --format=%(refname)%00%(upstream:short)%00%(objectname)%00%(upstream:track)%00%(upstream:remotename)%00%(upstream:remoteref) refs/heads/cb refs/remotes/cb [3ms]
2024-06-02 09:56:36.977 [info] > git status -z -uall [903ms] (cancelled)
2024-06-02 09:56:46.500 [info] > git config --get commit.template [12ms]
2024-06-02 09:56:46.501 [info] > git for-each-ref --format=%(refname)%00%(upstream:short)%00%(objectname)%00%(upstream:track)%00%(upstream:remotename)%00%(upstream:remoteref) refs/heads/cb refs/remotes/cb [2ms]
2024-06-02 09:56:47.489 [info] > git status -z -uall [976ms] (cancelled)
2024-06-02 09:56:52.228 [info] > git check-ignore -v -z --stdin [1ms]
2024-06-02 09:57:01.066 [info] > git log --format=%H%n%aN%n%aE%n%at%n%ct%n%P%n%D%n%B -z -n120 --follow -- /root/classification.py [12ms]
2024-06-02 09:57:01.567 [info] > git show --textconv :classification.py [15ms]
2024-06-02 09:57:01.567 [info] > git ls-files --stage -- /root/classification.py [4ms]
2024-06-02 09:57:01.580 [info] > git cat-file -s 91a3e4f5a62c3084fa63689a7a4b4b11b070366f [2ms]
2024-06-02 09:57:10.860 [info] > git check-ignore -v -z --stdin [1ms]
2024-06-02 09:57:41.887 [info] > git check-ignore -v -z --stdin [1ms]
2024-06-02 09:57:44.938 [info] > git check-ignore -v -z --stdin [1ms]
2024-06-02 09:57:55.018 [info] > git log --format=%H%n%aN%n%aE%n%at%n%ct%n%P%n%D%n%B -z -n120 --follow -- /root/data/data_unzip.py [8ms]
2024-06-02 09:57:55.572 [info] > git show --textconv :data/data_unzip.py [11ms]
2024-06-02 09:57:55.573 [info] > git ls-files --stage -- /root/data/data_unzip.py [2ms]
2024-06-02 09:57:55.585 [info] > git cat-file -s e9cecab7250c0bba3df1c3bad2f71815a4f7755e [1ms]
2024-06-02 09:58:50.781 [info] > git fetch [374ms]
2024-06-02 09:58:50.804 [info] > git config --get commit.template [11ms]
2024-06-02 09:58:50.805 [info] > git for-each-ref --format=%(refname)%00%(upstream:short)%00%(objectname)%00%(upstream:track)%00%(upstream:remotename)%00%(upstream:remoteref) refs/heads/cb refs/remotes/cb [2ms]
2024-06-02 09:58:51.854 [info] > git status -z -uall [1038ms] (cancelled)
2024-06-02 09:58:52.767 [info] > git ls-files --stage -- /root/data/data_unzip.py [1ms]
2024-06-02 09:58:52.781 [info] > git cat-file -s e9cecab7250c0bba3df1c3bad2f71815a4f7755e [2ms]
2024-06-02 09:58:52.978 [info] > git show --textconv :data/data_unzip.py [1ms]
2024-06-02 09:59:08.325 [info] > git check-ignore -v -z --stdin [1ms]
2024-06-02 09:59:10.996 [info] > git check-ignore -v -z --stdin [3ms]
2024-06-02 09:59:25.855 [info] > git ls-files --stage -- /root/data/data_unzip.py [1ms]
2024-06-02 09:59:25.865 [info] > git cat-file -s e9cecab7250c0bba3df1c3bad2f71815a4f7755e [1ms]
2024-06-02 09:59:26.403 [info] > git show --textconv :data/data_unzip.py [1ms]
2024-06-02 09:59:57.273 [info] > git ls-files --stage -- /root/data/data_unzip.py [1ms]
2024-06-02 09:59:57.282 [info] > git cat-file -s e9cecab7250c0bba3df1c3bad2f71815a4f7755e [1ms]
2024-06-02 09:59:57.483 [info] > git show --textconv :data/data_unzip.py [2ms]
2024-06-02 10:00:13.052 [info] > git check-ignore -v -z --stdin [1ms]
2024-06-02 10:01:26.058 [info] > git ls-files --stage -- /root/data/data_unzip.py [1ms]
2024-06-02 10:01:26.068 [info] > git cat-file -s e9cecab7250c0bba3df1c3bad2f71815a4f7755e [1ms]
2024-06-02 10:01:26.434 [info] > git show --textconv :data/data_unzip.py [2ms]
2024-06-02 10:01:44.089 [info] > git ls-files --stage -- /root/data/data_unzip.py [1ms]
2024-06-02 10:01:44.100 [info] > git cat-file -s e9cecab7250c0bba3df1c3bad2f71815a4f7755e [2ms]
2024-06-02 10:01:44.489 [info] > git show --textconv :data/data_unzip.py [1ms]
2024-06-02 10:01:51.150 [info] > git for-each-ref --sort -committerdate --format %(refname) %(objectname) %(*objectname) [2ms]
2024-06-02 10:01:52.220 [info] > git fetch [354ms]
2024-06-02 10:01:52.241 [info] > git config --get commit.template [10ms]
2024-06-02 10:01:52.241 [info] > git for-each-ref --format=%(refname)%00%(upstream:short)%00%(objectname)%00%(upstream:track)%00%(upstream:remotename)%00%(upstream:remoteref) refs/heads/jw refs/remotes/jw [2ms]
2024-06-02 10:01:52.407 [info] > git status -z -uall [158ms] (cancelled)
2024-06-02 10:01:53.323 [info] > git checkout -q jw [9ms]
2024-06-02 10:01:53.339 [info] > git config --get commit.template [3ms]
2024-06-02 10:01:53.351 [info] > git for-each-ref --format=%(refname)%00%(upstream:short)%00%(objectname)%00%(upstream:track)%00%(upstream:remotename)%00%(upstream:remoteref) refs/heads/jw refs/remotes/jw [1ms]
2024-06-02 10:01:53.510 [info] > git status -z -uall [147ms] (cancelled)
2024-06-02 10:01:55.551 [info] > git ls-files --stage -- /root/data/data_unzip.py [1ms]
2024-06-02 10:01:55.563 [info] > git cat-file -s e9cecab7250c0bba3df1c3bad2f71815a4f7755e [1ms]
2024-06-02 10:01:55.962 [info] > git show --textconv :data/data_unzip.py [2ms]
2024-06-02 10:02:08.552 [info] > git ls-files --stage -- /root/data/data_unzip.py [1ms]
2024-06-02 10:02:08.562 [info] > git cat-file -s e9cecab7250c0bba3df1c3bad2f71815a4f7755e [1ms]
2024-06-02 10:02:08.760 [info] > git show --textconv :data/data_unzip.py [1ms]
2024-06-02 10:02:22.577 [info] > git ls-files --stage -- /root/data/data_unzip.py [1ms]
2024-06-02 10:02:22.587 [info] > git cat-file -s e9cecab7250c0bba3df1c3bad2f71815a4f7755e [1ms]
2024-06-02 10:02:22.800 [info] > git show --textconv :data/data_unzip.py [2ms]
2024-06-02 10:02:28.112 [info] > git ls-files --stage -- /root/data/data_unzip.py [1ms]
2024-06-02 10:02:28.123 [info] > git cat-file -s e9cecab7250c0bba3df1c3bad2f71815a4f7755e [1ms]
2024-06-02 10:02:28.466 [info] > git show --textconv :data/data_unzip.py [2ms]
2024-06-02 10:02:45.823 [info] > git ls-files --stage -- /root/data/data_unzip.py [1ms]
2024-06-02 10:02:45.833 [info] > git cat-file -s e9cecab7250c0bba3df1c3bad2f71815a4f7755e [1ms]
2024-06-02 10:02:46.134 [info] > git show --textconv :data/data_unzip.py [2ms]
2024-06-02 10:03:19.481 [info] > git ls-files --stage -- /root/data/data_unzip.py [1ms]
2024-06-02 10:03:19.493 [info] > git cat-file -s e9cecab7250c0bba3df1c3bad2f71815a4f7755e [2ms]
2024-06-02 10:03:19.838 [info] > git show --textconv :data/data_unzip.py [1ms]
2024-06-02 10:03:33.153 [info] > git ls-files --stage -- /root/data/data_unzip.py [3ms]
2024-06-02 10:03:33.164 [info] > git cat-file -s d683a8645c481a9f517fecd50a702bac0006ef33 [1ms]
2024-06-02 10:03:33.361 [info] > git show --textconv :data/data_unzip.py [3ms]
2024-06-02 10:04:03.571 [info] > git ls-files --stage -- /root/data/data_unzip.py [3ms]
2024-06-02 10:04:03.583 [info] > git cat-file -s d683a8645c481a9f517fecd50a702bac0006ef33 [2ms]
2024-06-02 10:04:03.769 [info] > git show --textconv :data/data_unzip.py [3ms]
2024-06-02 10:04:11.325 [info] > git ls-files --stage -- /root/data/data_unzip.py [3ms]
2024-06-02 10:04:11.337 [info] > git cat-file -s d683a8645c481a9f517fecd50a702bac0006ef33 [1ms]
2024-06-02 10:04:11.524 [info] > git show --textconv :data/data_unzip.py [3ms]
2024-06-02 10:04:24.160 [info] > git ls-files --stage -- /root/data/data_unzip.py [4ms]
2024-06-02 10:04:24.171 [info] > git cat-file -s d683a8645c481a9f517fecd50a702bac0006ef33 [1ms]
2024-06-02 10:04:24.367 [info] > git show --textconv :data/data_unzip.py [4ms]
2024-06-02 10:04:52.860 [info] > git fetch [443ms]
2024-06-02 10:04:52.860 [info] Auto packing the repository in background for optimum performance.
See "git help gc" for manual housekeeping.
2024-06-02 10:04:52.884 [info] > git config --get commit.template [10ms]
2024-06-02 10:04:52.885 [info] > git for-each-ref --format=%(refname)%00%(upstream:short)%00%(objectname)%00%(upstream:track)%00%(upstream:remotename)%00%(upstream:remoteref) refs/heads/cb refs/remotes/cb [2ms]
2024-06-02 10:04:52.894 [warning] ENOENT: no such file or directory, open '/root/.git/refs/remotes/origin/cb'
2024-06-02 10:04:52.894 [info] > git rev-parse refs/remotes/origin/cb [1ms]
2024-06-02 10:04:53.098 [info] > git status -z -uall [196ms] (cancelled)
2024-06-02 10:04:53.099 [info] > git merge-base refs/heads/cb refs/remotes/origin/cb [86ms]
2024-06-02 10:04:54.068 [info] > git rev-list --count --left-right refs/heads/cb...refs/remotes/origin/cb [955ms]
2024-06-02 10:04:54.099 [info] > git diff --name-status -z --diff-filter=ADMR 69aef02a907e55afdfb148508b4ce71c48f09840...refs/remotes/origin/cb [12ms]
2024-06-02 10:04:55.564 [info] > git ls-files --stage -- /root/data/data_unzip.py [3ms]
2024-06-02 10:04:55.578 [info] > git cat-file -s d683a8645c481a9f517fecd50a702bac0006ef33 [1ms]
2024-06-02 10:04:55.769 [info] > git show --textconv :data/data_unzip.py [5ms]
2024-06-02 10:04:56.837 [info] > git for-each-ref --sort -committerdate --format %(refname) %(objectname) %(*objectname) [2ms]
2024-06-02 10:05:11.891 [info] > git ls-files --stage -- /root/data/data_unzip.py [3ms]
2024-06-02 10:05:11.900 [info] > git cat-file -s d683a8645c481a9f517fecd50a702bac0006ef33 [1ms]
2024-06-02 10:05:12.090 [info] > git show --textconv :data/data_unzip.py [5ms]
2024-06-02 10:06:04.529 [info] > git check-ignore -v -z --stdin [6ms]
2024-06-02 10:06:25.548 [info] > git ls-files --stage -- /root/data/data_unzip.py [4ms]
2024-06-02 10:06:25.560 [info] > git cat-file -s d683a8645c481a9f517fecd50a702bac0006ef33 [2ms]
2024-06-02 10:06:25.745 [info] > git show --textconv :data/data_unzip.py [3ms]
2024-06-02 10:06:43.707 [info] > git ls-files --stage -- /root/data/data_unzip.py [3ms]
2024-06-02 10:06:43.718 [info] > git cat-file -s d683a8645c481a9f517fecd50a702bac0006ef33 [2ms]
2024-06-02 10:06:43.907 [info] > git show --textconv :data/data_unzip.py [4ms]
2024-06-02 10:07:09.198 [info] > git check-ignore -v -z --stdin [4ms]
2024-06-02 10:07:12.294 [info] > git ls-files --stage -- /root/data/data_unzip.py [4ms]
2024-06-02 10:07:12.304 [info] > git cat-file -s d683a8645c481a9f517fecd50a702bac0006ef33 [1ms]
2024-06-02 10:07:12.491 [info] > git show --textconv :data/data_unzip.py [4ms]
2024-06-02 10:07:12.588 [info] > git check-ignore -v -z --stdin [4ms]
2024-06-02 10:07:31.888 [info] > git check-ignore -v -z --stdin [4ms]
2024-06-02 10:07:33.821 [info] > git check-ignore -v -z --stdin [3ms]
2024-06-02 10:07:35.768 [info] > git check-ignore -v -z --stdin [3ms]
2024-06-02 10:07:53.350 [info] > git check-ignore -v -z --stdin [3ms]
2024-06-02 10:07:53.509 [info] > git fetch [401ms]
2024-06-02 10:07:53.530 [info] > git config --get commit.template [10ms]
2024-06-02 10:07:53.530 [info] > git for-each-ref --format=%(refname)%00%(upstream:short)%00%(objectname)%00%(upstream:track)%00%(upstream:remotename)%00%(upstream:remoteref) refs/heads/cb refs/remotes/cb [1ms]
2024-06-02 10:07:53.575 [info] > git status -z -uall [35ms]
2024-06-02 10:07:53.623 [info] > git merge-base refs/heads/cb refs/remotes/origin/cb [37ms]
2024-06-02 10:07:53.634 [info] > git rev-list --count --left-right refs/heads/cb...refs/remotes/origin/cb [2ms]
2024-06-02 10:07:53.646 [info] > git diff --name-status -z --diff-filter=ADMR f09c68c453dfe4f9b40d975bd74762a780899db6...refs/remotes/origin/cb [2ms]
2024-06-02 10:07:55.254 [info] > git ls-files --stage -- /root/data/data_unzip.py [4ms]
2024-06-02 10:07:55.266 [info] > git cat-file -s d683a8645c481a9f517fecd50a702bac0006ef33 [1ms]
2024-06-02 10:07:55.448 [info] > git show --textconv :data/data_unzip.py [3ms]
2024-06-02 10:08:05.574 [info] > git ls-files --stage -- /root/data/data_unzip.py [3ms]
2024-06-02 10:08:05.585 [info] > git cat-file -s d683a8645c481a9f517fecd50a702bac0006ef33 [1ms]
2024-06-02 10:08:05.769 [info] > git show --textconv :data/data_unzip.py [4ms]
2024-06-02 10:08:17.495 [info] > git ls-files --stage -- /root/data/data_unzip.py [3ms]
2024-06-02 10:08:17.507 [info] > git cat-file -s d683a8645c481a9f517fecd50a702bac0006ef33 [1ms]
2024-06-02 10:08:17.716 [info] > git show --textconv :data/data_unzip.py [3ms]
2024-06-02 10:08:23.123 [info] > git ls-files --stage -- /root/data/data_unzip.py [4ms]
2024-06-02 10:08:23.134 [info] > git cat-file -s d683a8645c481a9f517fecd50a702bac0006ef33 [1ms]
2024-06-02 10:08:23.346 [info] > git show --textconv :data/data_unzip.py [4ms]
2024-06-02 10:08:38.450 [info] > git ls-files --stage -- /root/data/data_unzip.py [4ms]
2024-06-02 10:08:38.461 [info] > git cat-file -s d683a8645c481a9f517fecd50a702bac0006ef33 [1ms]
2024-06-02 10:08:38.652 [info] > git show --textconv :data/data_unzip.py [4ms]
2024-06-02 10:09:38.723 [info] > git merge-base refs/heads/cb refs/remotes/origin/cb [3ms]
2024-06-02 10:09:38.735 [info] > git rev-list --count --left-right refs/heads/cb...refs/remotes/origin/cb [1ms]
2024-06-02 10:09:39.518 [info] > git check-ignore -v -z --stdin [4ms]
2024-06-02 10:09:45.380 [info] > git for-each-ref --sort -committerdate --format %(refname) %(objectname) %(*objectname) [2ms]
2024-06-02 10:09:47.661 [info] > git checkout -q main [69ms]
2024-06-02 10:09:47.661 [info] error: Your local changes to the following files would be overwritten by checkout:
	.vscode-server/data/logs/20240602T094858/exthost2/vscode.git/Git.log
Please commit your changes or stash them before you switch branches.
Aborting
2024-06-02 10:09:47.680 [info] > git config --get commit.template [9ms]
2024-06-02 10:09:47.680 [info] > git for-each-ref --format=%(refname)%00%(upstream:short)%00%(objectname)%00%(upstream:track)%00%(upstream:remotename)%00%(upstream:remoteref) refs/heads/cb refs/remotes/cb [1ms]
2024-06-02 10:09:47.724 [info] > git status -z -uall [35ms]
2024-06-02 10:09:47.739 [info] > git merge-base refs/heads/cb refs/remotes/origin/cb [6ms]
2024-06-02 10:09:47.750 [info] > git rev-list --count --left-right refs/heads/cb...refs/remotes/origin/cb [2ms]
2024-06-02 10:09:47.762 [info] > git diff --name-status -z --diff-filter=ADMR 61d752914e23cb0065541583ecdeb316c46c6d4c...refs/remotes/origin/cb [1ms]
2024-06-02 10:10:05.802 [info] > git ls-files --stage -- /root/data/data_unzip.py [4ms]
2024-06-02 10:10:05.813 [info] > git cat-file -s d683a8645c481a9f517fecd50a702bac0006ef33 [2ms]
2024-06-02 10:10:06.018 [info] > git show --textconv :data/data_unzip.py [4ms]
2024-06-02 10:10:17.426 [info] > git ls-files --stage -- /root/data/data_unzip.py [3ms]
2024-06-02 10:10:17.437 [info] > git cat-file -s d683a8645c481a9f517fecd50a702bac0006ef33 [2ms]
2024-06-02 10:10:17.620 [info] > git show --textconv :data/data_unzip.py [4ms]
2024-06-02 10:10:25.769 [info] > git ls-files --stage -- /root/data/data_unzip.py [3ms]
2024-06-02 10:10:25.780 [info] > git cat-file -s d683a8645c481a9f517fecd50a702bac0006ef33 [1ms]
2024-06-02 10:10:26.005 [info] > git show --textconv :data/data_unzip.py [4ms]
2024-06-02 10:10:54.006 [info] > git fetch [371ms]
2024-06-02 10:10:54.028 [info] > git config --get commit.template [11ms]
2024-06-02 10:10:54.029 [info] > git for-each-ref --format=%(refname)%00%(upstream:short)%00%(objectname)%00%(upstream:track)%00%(upstream:remotename)%00%(upstream:remoteref) refs/heads/cb refs/remotes/cb [2ms]
2024-06-02 10:10:54.074 [info] > git status -z -uall [34ms]
2024-06-02 10:10:54.087 [info] > git merge-base refs/heads/cb refs/remotes/origin/cb [4ms]
2024-06-02 10:10:54.098 [info] > git rev-list --count --left-right refs/heads/cb...refs/remotes/origin/cb [2ms]
2024-06-02 10:10:54.109 [info] > git diff --name-status -z --diff-filter=ADMR 485efd3067e18026d53feda3ca5b857adf130daa...refs/remotes/origin/cb [1ms]
2024-06-02 10:10:56.061 [info] > git show --textconv :.gitconfig [10ms]
2024-06-02 10:10:56.064 [info] > git ls-files --stage -- /root/.gitconfig [3ms]
2024-06-02 10:10:56.076 [info] > git cat-file -s 84b0e943279e2f9aa40c50d901d56e5d1594256e [1ms]
2024-06-02 10:10:57.151 [info] > git show --textconv :.gitignore [11ms]
2024-06-02 10:10:57.155 [info] > git ls-files --stage -- /root/.gitignore [5ms]
2024-06-02 10:10:57.165 [info] > git cat-file -s 0d532bc2a2a43917723da4fa11cd29bd82abc510 [1ms]
2024-06-02 10:11:08.351 [info] > git check-ignore -v -z --stdin [6ms]
2024-06-02 10:12:23.293 [info] > git check-ignore -v -z --stdin [12ms]
2024-06-02 10:12:24.110 [info] > git show --textconv :data/data_unzip.py [11ms]
2024-06-02 10:12:24.113 [info] > git ls-files --stage -- /root/data/data_unzip.py [3ms]
2024-06-02 10:12:24.124 [info] > git cat-file -s d683a8645c481a9f517fecd50a702bac0006ef33 [2ms]
2024-06-02 10:12:25.240 [info] > git check-ignore -v -z --stdin [7ms]
2024-06-02 10:12:26.396 [info] > git check-ignore -v -z --stdin [11ms]
2024-06-02 10:12:28.668 [info] > git check-ignore -v -z --stdin [6ms]
2024-06-02 10:12:29.842 [info] > git check-ignore -v -z --stdin [6ms]
2024-06-02 10:12:36.127 [info] > git show --textconv :.gitconfig [10ms]
2024-06-02 10:12:36.131 [info] > git ls-files --stage -- /root/.gitconfig [4ms]
2024-06-02 10:12:36.141 [info] > git cat-file -s 84b0e943279e2f9aa40c50d901d56e5d1594256e [1ms]
2024-06-02 10:12:37.574 [info] > git show --textconv :.gitignore [10ms]
2024-06-02 10:12:37.578 [info] > git ls-files --stage -- /root/.gitignore [3ms]
2024-06-02 10:12:37.589 [info] > git cat-file -s 0d532bc2a2a43917723da4fa11cd29bd82abc510 [1ms]
2024-06-02 10:13:20.510 [info] > git show --textconv :data/data_unzip.py [11ms]
2024-06-02 10:13:20.513 [info] > git ls-files --stage -- /root/data/data_unzip.py [4ms]
2024-06-02 10:13:20.524 [info] > git cat-file -s d683a8645c481a9f517fecd50a702bac0006ef33 [1ms]
2024-06-02 10:13:28.911 [info] > git show --textconv :.gitignore [10ms]
2024-06-02 10:13:28.915 [info] > git ls-files --stage -- /root/.gitignore [4ms]
2024-06-02 10:13:28.926 [info] > git cat-file -s 0d532bc2a2a43917723da4fa11cd29bd82abc510 [2ms]
2024-06-02 10:13:41.746 [info] > git check-ignore -v -z --stdin [12ms]
2024-06-02 10:13:42.637 [info] > git check-ignore -v -z --stdin [11ms]
2024-06-02 10:13:54.491 [info] > git fetch [393ms]
2024-06-02 10:13:54.513 [info] > git config --get commit.template [9ms]
2024-06-02 10:13:54.514 [info] > git for-each-ref --format=%(refname)%00%(upstream:short)%00%(objectname)%00%(upstream:track)%00%(upstream:remotename)%00%(upstream:remoteref) refs/heads/cb refs/remotes/cb [2ms]
2024-06-02 10:13:54.559 [info] > git status -z -uall [35ms]
2024-06-02 10:13:55.486 [info] > git check-ignore -v -z --stdin [12ms]
2024-06-02 10:13:56.175 [info] > git ls-files --stage -- /root/.gitignore [3ms]
2024-06-02 10:13:56.189 [info] > git cat-file -s 0d532bc2a2a43917723da4fa11cd29bd82abc510 [1ms]
2024-06-02 10:13:56.416 [info] > git show --textconv :.gitignore [3ms]
2024-06-02 10:13:58.457 [info] > git show --textconv :data/data_unzip.py [11ms]
2024-06-02 10:13:58.460 [info] > git ls-files --stage -- /root/data/data_unzip.py [3ms]
2024-06-02 10:13:58.470 [info] > git cat-file -s d683a8645c481a9f517fecd50a702bac0006ef33 [1ms]
2024-06-02 10:14:11.652 [info] > git merge-base refs/heads/cb refs/remotes/origin/cb [2ms]
2024-06-02 10:14:11.664 [info] > git rev-list --count --left-right refs/heads/cb...refs/remotes/origin/cb [2ms]
2024-06-02 10:14:12.388 [info] > git check-ignore -v -z --stdin [10ms]
2024-06-02 10:14:27.301 [info] > git check-ignore -v -z --stdin [3ms]
2024-06-02 10:16:20.344 [info] > git check-ignore -v -z --stdin [5ms]
2024-06-02 10:16:22.144 [info] > git show --textconv :scripts/gangwon.sh [11ms]
2024-06-02 10:16:22.147 [info] > git ls-files --stage -- /root/scripts/gangwon.sh [3ms]
2024-06-02 10:16:22.157 [info] > git cat-file -s 3d0c2a27356be5dfda692be1e4ab3af96fd407b2 [1ms]
2024-06-02 10:16:27.114 [info] > git show --textconv :scripts/pretrain.sh [9ms]
2024-06-02 10:16:27.116 [info] > git ls-files --stage -- /root/scripts/pretrain.sh [3ms]
2024-06-02 10:16:27.127 [info] > git cat-file -s 6f9366587981667398324b88bafbbe75cc745344 [2ms]
2024-06-02 10:16:30.211 [info] > git show --textconv :scripts/seoul.sh [10ms]
2024-06-02 10:16:30.214 [info] > git ls-files --stage -- /root/scripts/seoul.sh [3ms]
2024-06-02 10:16:30.225 [info] > git cat-file -s ebe58750247d43eb7270e789c24ec47545143dbf [2ms]
2024-06-02 10:16:31.605 [info] > git show --textconv :scripts/Version1.sh [10ms]
2024-06-02 10:16:31.607 [info] > git ls-files --stage -- /root/scripts/Version1.sh [3ms]
2024-06-02 10:16:31.618 [info] > git cat-file -s 6248603c889c1f353565421e6d8c990db5bb5be0 [1ms]
2024-06-02 10:16:32.423 [info] > git show --textconv :scripts/seoul.sh [10ms]
2024-06-02 10:16:32.426 [info] > git ls-files --stage -- /root/scripts/seoul.sh [4ms]
2024-06-02 10:16:32.435 [info] > git cat-file -s ebe58750247d43eb7270e789c24ec47545143dbf [1ms]
2024-06-02 10:16:33.263 [info] > git show --textconv :scripts/pretrain.sh [10ms]
2024-06-02 10:16:33.266 [info] > git ls-files --stage -- /root/scripts/pretrain.sh [4ms]
2024-06-02 10:16:33.276 [info] > git cat-file -s 6f9366587981667398324b88bafbbe75cc745344 [2ms]
2024-06-02 10:16:33.754 [info] > git show --textconv :scripts/gangwon.sh [11ms]
2024-06-02 10:16:33.757 [info] > git ls-files --stage -- /root/scripts/gangwon.sh [4ms]
2024-06-02 10:16:33.768 [info] > git cat-file -s 3d0c2a27356be5dfda692be1e4ab3af96fd407b2 [1ms]
2024-06-02 10:16:34.251 [info] > git show --textconv :scripts/seoul.sh [11ms]
2024-06-02 10:16:34.253 [info] > git ls-files --stage -- /root/scripts/seoul.sh [4ms]
2024-06-02 10:16:34.264 [info] > git cat-file -s ebe58750247d43eb7270e789c24ec47545143dbf [1ms]
2024-06-02 10:16:54.972 [info] > git fetch [400ms]
2024-06-02 10:16:54.993 [info] > git config --get commit.template [9ms]
2024-06-02 10:16:54.994 [info] > git for-each-ref --format=%(refname)%00%(upstream:short)%00%(objectname)%00%(upstream:track)%00%(upstream:remotename)%00%(upstream:remoteref) refs/heads/cb refs/remotes/cb [2ms]
2024-06-02 10:16:55.039 [info] > git status -z -uall [34ms]
2024-06-02 10:16:56.665 [info] > git ls-files --stage -- /root/scripts/seoul.sh [3ms]
2024-06-02 10:16:56.676 [info] > git cat-file -s ebe58750247d43eb7270e789c24ec47545143dbf [1ms]
2024-06-02 10:16:56.861 [info] > git show --textconv :scripts/seoul.sh [3ms]
2024-06-02 10:17:53.172 [info] > git check-ignore -v -z --stdin [6ms]
2024-06-02 10:18:14.031 [info] > git config --get commit.template [10ms]
2024-06-02 10:18:14.032 [info] > git for-each-ref --format=%(refname)%00%(upstream:short)%00%(objectname)%00%(upstream:track)%00%(upstream:remotename)%00%(upstream:remoteref) refs/heads/cb refs/remotes/cb [2ms]
2024-06-02 10:18:14.081 [info] > git status -z -uall [39ms]
2024-06-02 10:20:18.577 [info] > git fetch [387ms]
2024-06-02 10:20:18.597 [info] > git config --get commit.template [10ms]
2024-06-02 10:20:18.598 [info] > git for-each-ref --format=%(refname)%00%(upstream:short)%00%(objectname)%00%(upstream:track)%00%(upstream:remotename)%00%(upstream:remoteref) refs/heads/cb refs/remotes/cb [2ms]
2024-06-02 10:20:18.645 [info] > git status -z -uall [37ms]
2024-06-02 10:20:40.676 [info] > git ls-files --stage -- /root/scripts/seoul.sh [4ms]
2024-06-02 10:20:40.684 [info] > git cat-file -s ebe58750247d43eb7270e789c24ec47545143dbf [1ms]
2024-06-02 10:20:40.869 [info] > git show --textconv :scripts/seoul.sh [4ms]
2024-06-02 10:23:19.064 [info] > git fetch [407ms]
2024-06-02 10:23:19.076 [info] > git config --get commit.template [1ms]
2024-06-02 10:23:19.086 [info] > git for-each-ref --format=%(refname)%00%(upstream:short)%00%(objectname)%00%(upstream:track)%00%(upstream:remotename)%00%(upstream:remoteref) refs/heads/cb refs/remotes/cb [1ms]
2024-06-02 10:23:19.136 [info] > git status -z -uall [40ms]
2024-06-02 10:23:20.729 [info] > git ls-files --stage -- /root/scripts/seoul.sh [4ms]
2024-06-02 10:23:20.741 [info] > git cat-file -s ebe58750247d43eb7270e789c24ec47545143dbf [2ms]
2024-06-02 10:23:20.925 [info] > git show --textconv :scripts/seoul.sh [4ms]
2024-06-02 10:24:15.029 [info] > git ls-files --stage -- /root/scripts/seoul.sh [4ms]
2024-06-02 10:24:15.040 [info] > git cat-file -s ebe58750247d43eb7270e789c24ec47545143dbf [2ms]
2024-06-02 10:24:15.223 [info] > git show --textconv :scripts/seoul.sh [5ms]
2024-06-02 10:25:31.459 [info] > git check-ignore -v -z --stdin [5ms]
2024-06-02 10:25:39.877 [info] > git check-ignore -v -z --stdin [6ms]
2024-06-02 10:26:19.516 [info] > git fetch [368ms]
2024-06-02 10:26:19.527 [info] > git config --get commit.template [1ms]
2024-06-02 10:26:19.536 [info] > git for-each-ref --format=%(refname)%00%(upstream:short)%00%(objectname)%00%(upstream:track)%00%(upstream:remotename)%00%(upstream:remoteref) refs/heads/cb refs/remotes/cb [1ms]
2024-06-02 10:26:19.583 [info] > git status -z -uall [37ms]
2024-06-02 10:26:21.175 [info] > git ls-files --stage -- /root/scripts/seoul.sh [2ms]
2024-06-02 10:26:21.184 [info] > git cat-file -s ebe58750247d43eb7270e789c24ec47545143dbf [1ms]
2024-06-02 10:26:21.379 [info] > git show --textconv :scripts/seoul.sh [4ms]
2024-06-02 10:27:33.911 [info] > git check-ignore -v -z --stdin [10ms]
2024-06-02 10:28:48.184 [info] > git check-ignore -v -z --stdin [6ms]
2024-06-02 10:28:52.584 [info] > git show --textconv :data/data_unzip.py [9ms]
2024-06-02 10:28:52.585 [info] > git ls-files --stage -- /root/data/data_unzip.py [2ms]
2024-06-02 10:28:52.594 [info] > git cat-file -s d683a8645c481a9f517fecd50a702bac0006ef33 [1ms]
2024-06-02 10:29:50.062 [info] > git fetch [436ms]
2024-06-02 10:29:50.078 [info] > git config --get commit.template [6ms]
2024-06-02 10:29:50.079 [info] > git for-each-ref --format=%(refname)%00%(upstream:short)%00%(objectname)%00%(upstream:track)%00%(upstream:remotename)%00%(upstream:remoteref) refs/heads/cb refs/remotes/cb [1ms]
2024-06-02 10:29:50.122 [info] > git status -z -uall [36ms]
2024-06-02 10:29:51.708 [info] > git ls-files --stage -- /root/data/data_unzip.py [4ms]
2024-06-02 10:29:51.716 [info] > git cat-file -s d683a8645c481a9f517fecd50a702bac0006ef33 [1ms]
2024-06-02 10:29:51.903 [info] > git show --textconv :data/data_unzip.py [4ms]
2024-06-02 10:32:53.324 [info] > git fetch [443ms]
2024-06-02 10:32:53.346 [info] > git config --get commit.template [10ms]
2024-06-02 10:32:53.346 [info] > git for-each-ref --format=%(refname)%00%(upstream:short)%00%(objectname)%00%(upstream:track)%00%(upstream:remotename)%00%(upstream:remoteref) refs/heads/cb refs/remotes/cb [2ms]
2024-06-02 10:32:53.393 [info] > git status -z -uall [37ms]
2024-06-02 10:32:54.989 [info] > git ls-files --stage -- /root/data/data_unzip.py [2ms]
2024-06-02 10:32:55.000 [info] > git cat-file -s d683a8645c481a9f517fecd50a702bac0006ef33 [1ms]
2024-06-02 10:32:55.187 [info] > git show --textconv :data/data_unzip.py [3ms]
2024-06-02 10:40:17.896 [info] > git fetch [658ms]
2024-06-02 10:40:17.912 [info] > git config --get commit.template [7ms]
2024-06-02 10:40:17.913 [info] > git for-each-ref --format=%(refname)%00%(upstream:short)%00%(objectname)%00%(upstream:track)%00%(upstream:remotename)%00%(upstream:remoteref) refs/heads/cb refs/remotes/cb [2ms]
2024-06-02 10:40:17.956 [info] > git status -z -uall [36ms]
2024-06-02 10:40:19.555 [info] > git ls-files --stage -- /root/data/data_unzip.py [4ms]
2024-06-02 10:40:19.565 [info] > git cat-file -s d683a8645c481a9f517fecd50a702bac0006ef33 [1ms]
2024-06-02 10:40:19.751 [info] > git show --textconv :data/data_unzip.py [4ms]
2024-06-02 10:41:53.554 [info] > git show --textconv :scripts/seoul.sh [8ms]
2024-06-02 10:41:53.558 [info] > git ls-files --stage -- /root/scripts/seoul.sh [4ms]
2024-06-02 10:41:53.566 [info] > git cat-file -s ebe58750247d43eb7270e789c24ec47545143dbf [1ms]
2024-06-02 10:41:56.139 [info] > git show --textconv :scripts/gangwon.sh [8ms]
2024-06-02 10:41:56.142 [info] > git ls-files --stage -- /root/scripts/gangwon.sh [3ms]
2024-06-02 10:41:56.150 [info] > git cat-file -s 3d0c2a27356be5dfda692be1e4ab3af96fd407b2 [1ms]
2024-06-02 10:42:01.188 [info] > git check-ignore -v -z --stdin [9ms]
2024-06-02 10:42:02.670 [info] > git check-ignore -v -z --stdin [6ms]
2024-06-02 10:42:11.190 [info] > git check-ignore -v -z --stdin [4ms]
2024-06-02 10:42:19.658 [info] > git show --textconv :.gitignore [8ms]
2024-06-02 10:42:19.660 [info] > git ls-files --stage -- /root/.gitignore [2ms]
2024-06-02 10:42:19.669 [info] > git cat-file -s 0d532bc2a2a43917723da4fa11cd29bd82abc510 [2ms]
2024-06-02 10:42:43.313 [info] > git check-ignore -v -z --stdin [14ms]
2024-06-02 10:42:44.997 [info] > git show --textconv :data/data_unzip.py [10ms]
2024-06-02 10:42:45.000 [info] > git ls-files --stage -- /root/data/data_unzip.py [3ms]
2024-06-02 10:42:45.008 [info] > git cat-file -s d683a8645c481a9f517fecd50a702bac0006ef33 [1ms]
2024-06-02 10:42:49.892 [info] > git check-ignore -v -z --stdin [4ms]
2024-06-02 10:42:51.089 [info] > git show --textconv :.gitignore [9ms]
2024-06-02 10:42:51.093 [info] > git ls-files --stage -- /root/.gitignore [5ms]
2024-06-02 10:42:51.103 [info] > git cat-file -s 0d532bc2a2a43917723da4fa11cd29bd82abc510 [1ms]
2024-06-02 10:42:57.062 [info] > git check-ignore -v -z --stdin [14ms]
2024-06-02 10:42:58.048 [info] > git show --textconv :data/data_unzip.py [10ms]
2024-06-02 10:42:58.050 [info] > git ls-files --stage -- /root/data/data_unzip.py [4ms]
2024-06-02 10:42:58.060 [info] > git cat-file -s d683a8645c481a9f517fecd50a702bac0006ef33 [1ms]
2024-06-02 10:42:59.275 [info] > git check-ignore -v -z --stdin [5ms]
2024-06-02 10:43:02.365 [info] > git check-ignore -v -z --stdin [4ms]
2024-06-02 10:43:05.588 [info] > git check-ignore -v -z --stdin [4ms]
2024-06-02 10:43:07.442 [info] > git check-ignore -v -z --stdin [4ms]
2024-06-02 10:43:11.894 [info] > git check-ignore -v -z --stdin [12ms]
2024-06-02 10:43:14.520 [info] > git check-ignore -v -z --stdin [16ms]
2024-06-02 10:43:16.830 [info] > git check-ignore -v -z --stdin [184ms]
2024-06-02 10:43:17.850 [info] > git check-ignore -v -z --stdin [42ms]
2024-06-02 10:43:18.428 [info] > git fetch [461ms]
2024-06-02 10:43:18.444 [info] > git config --get commit.template [7ms]
2024-06-02 10:43:18.445 [info] > git for-each-ref --format=%(refname)%00%(upstream:short)%00%(objectname)%00%(upstream:track)%00%(upstream:remotename)%00%(upstream:remoteref) refs/heads/cb refs/remotes/cb [2ms]
2024-06-02 10:43:18.469 [info] > git status -z -uall [18ms]
2024-06-02 10:43:19.362 [info] > git check-ignore -v -z --stdin [26ms]
2024-06-02 10:43:20.072 [info] > git ls-files --stage -- /root/data/data_unzip.py [4ms]
2024-06-02 10:43:20.081 [info] > git cat-file -s d683a8645c481a9f517fecd50a702bac0006ef33 [2ms]
2024-06-02 10:43:20.265 [info] > git show --textconv :data/data_unzip.py [3ms]
2024-06-02 10:44:06.197 [info] > git show --textconv :.gitignore [8ms]
2024-06-02 10:44:06.201 [info] > git ls-files --stage -- /root/.gitignore [4ms]
2024-06-02 10:44:06.208 [info] > git cat-file -s 0d532bc2a2a43917723da4fa11cd29bd82abc510 [1ms]
2024-06-02 10:44:13.005 [info] > git check-ignore -v -z --stdin [14ms]
2024-06-02 10:44:24.001 [info] > git check-ignore -v -z --stdin [18ms]
2024-06-02 10:44:28.135 [info] > git check-ignore -v -z --stdin [4ms]
2024-06-02 10:44:29.200 [info] > git show --textconv :data/data_unzip.py [9ms]
2024-06-02 10:44:29.202 [info] > git ls-files --stage -- /root/data/data_unzip.py [3ms]
2024-06-02 10:44:29.210 [info] > git cat-file -s d683a8645c481a9f517fecd50a702bac0006ef33 [1ms]
2024-06-02 10:44:29.921 [info] > git check-ignore -v -z --stdin [6ms]
2024-06-02 10:44:34.236 [info] > git check-ignore -v -z --stdin [5ms]
2024-06-02 10:44:36.040 [info] > git check-ignore -v -z --stdin [9ms]
2024-06-02 10:44:41.755 [info] > git show --textconv :.gitignore [9ms]
2024-06-02 10:44:41.759 [info] > git ls-files --stage -- /root/.gitignore [5ms]
2024-06-02 10:44:41.767 [info] > git cat-file -s 0d532bc2a2a43917723da4fa11cd29bd82abc510 [1ms]
2024-06-02 10:44:57.989 [info] > git check-ignore -v -z --stdin [14ms]
2024-06-02 10:45:01.844 [info] > git check-ignore -v -z --stdin [15ms]
2024-06-02 10:45:03.019 [info] > git show --textconv :data/data_unzip.py [8ms]
2024-06-02 10:45:03.023 [info] > git ls-files --stage -- /root/data/data_unzip.py [4ms]
2024-06-02 10:45:03.030 [info] > git cat-file -s d683a8645c481a9f517fecd50a702bac0006ef33 [1ms]
2024-06-02 10:45:06.378 [info] > git check-ignore -v -z --stdin [7ms]
2024-06-02 10:45:07.988 [info] > git show --textconv :.gitignore [10ms]
2024-06-02 10:45:07.992 [info] > git ls-files --stage -- /root/.gitignore [5ms]
2024-06-02 10:45:08.002 [info] > git cat-file -s 0d532bc2a2a43917723da4fa11cd29bd82abc510 [1ms]
2024-06-02 10:45:12.605 [info] > git check-ignore -v -z --stdin [10ms]
2024-06-02 10:45:13.693 [info] > git check-ignore -v -z --stdin [18ms]
2024-06-02 10:45:14.511 [info] > git check-ignore -v -z --stdin [13ms]
2024-06-02 10:45:15.145 [info] > git show --textconv :data/data_unzip.py [8ms]
2024-06-02 10:45:15.147 [info] > git ls-files --stage -- /root/data/data_unzip.py [3ms]
2024-06-02 10:45:15.156 [info] > git cat-file -s d683a8645c481a9f517fecd50a702bac0006ef33 [2ms]
2024-06-02 10:52:32.008 [info] > git fetch [505ms]
2024-06-02 10:52:32.026 [info] > git config --get commit.template [10ms]
2024-06-02 10:52:32.027 [info] > git for-each-ref --format=%(refname)%00%(upstream:short)%00%(objectname)%00%(upstream:track)%00%(upstream:remotename)%00%(upstream:remoteref) refs/heads/cb refs/remotes/cb [2ms]
2024-06-02 10:52:32.072 [info] > git status -z -uall [35ms]
2024-06-02 10:52:33.655 [info] > git ls-files --stage -- /root/data/data_unzip.py [3ms]
2024-06-02 10:52:33.665 [info] > git cat-file -s d683a8645c481a9f517fecd50a702bac0006ef33 [1ms]
2024-06-02 10:52:33.867 [info] > git show --textconv :data/data_unzip.py [5ms]
2024-06-02 11:05:49.186 [info] > git fetch [533ms]
2024-06-02 11:05:49.201 [info] > git config --get commit.template [7ms]
2024-06-02 11:05:49.202 [info] > git for-each-ref --format=%(refname)%00%(upstream:short)%00%(objectname)%00%(upstream:track)%00%(upstream:remotename)%00%(upstream:remoteref) refs/heads/cb refs/remotes/cb [2ms]
2024-06-02 11:05:49.244 [info] > git status -z -uall [35ms]
2024-06-02 11:05:50.830 [info] > git ls-files --stage -- /root/data/data_unzip.py [3ms]
2024-06-02 11:05:50.841 [info] > git cat-file -s d683a8645c481a9f517fecd50a702bac0006ef33 [1ms]
2024-06-02 11:05:50.894 [info] > git check-ignore -v -z --stdin [7ms]
2024-06-02 11:05:51.027 [info] > git show --textconv :data/data_unzip.py [3ms]
2024-06-02 11:15:43.541 [info] > git config --get commit.template [8ms]
2024-06-02 11:15:43.541 [info] > git for-each-ref --format=%(refname)%00%(upstream:short)%00%(objectname)%00%(upstream:track)%00%(upstream:remotename)%00%(upstream:remoteref) refs/heads/cb refs/remotes/cb [1ms]
2024-06-02 11:15:43.585 [info] > git status -z -uall [36ms]
2024-06-02 11:15:43.996 [info] > git fetch [473ms]
2024-06-02 11:15:44.012 [info] > git config --get commit.template [7ms]
2024-06-02 11:15:44.013 [info] > git for-each-ref --format=%(refname)%00%(upstream:short)%00%(objectname)%00%(upstream:track)%00%(upstream:remotename)%00%(upstream:remoteref) refs/heads/cb refs/remotes/cb [2ms]
2024-06-02 11:15:44.059 [info] > git status -z -uall [40ms]
2024-06-02 11:15:48.601 [info] > git config --get commit.template [1ms]
2024-06-02 11:15:48.609 [info] > git for-each-ref --format=%(refname)%00%(upstream:short)%00%(objectname)%00%(upstream:track)%00%(upstream:remotename)%00%(upstream:remoteref) refs/heads/cb refs/remotes/cb [1ms]
2024-06-02 11:15:48.650 [info] > git status -z -uall [34ms]
2024-06-02 11:15:51.646 [info] > git show --textconv :data/data_unzip.py [7ms]
2024-06-02 11:15:51.648 [info] > git ls-files --stage -- /root/data/data_unzip.py [2ms]
2024-06-02 11:15:51.655 [info] > git cat-file -s d683a8645c481a9f517fecd50a702bac0006ef33 [1ms]
2024-06-02 11:15:53.667 [info] > git config --get commit.template [6ms]
2024-06-02 11:15:53.667 [info] > git for-each-ref --format=%(refname)%00%(upstream:short)%00%(objectname)%00%(upstream:track)%00%(upstream:remotename)%00%(upstream:remoteref) refs/heads/cb refs/remotes/cb [1ms]
2024-06-02 11:15:53.711 [info] > git status -z -uall [37ms]
2024-06-02 11:16:06.952 [info] > git check-ignore -v -z --stdin [5ms]
2024-06-02 11:16:46.361 [info] > git config --get commit.template [19ms]
2024-06-02 11:16:46.361 [info] > git for-each-ref --format=%(refname)%00%(upstream:short)%00%(objectname)%00%(upstream:track)%00%(upstream:remotename)%00%(upstream:remoteref) refs/heads/cb refs/remotes/cb [12ms]
2024-06-02 11:16:46.409 [info] > git status -z -uall [40ms]
2024-06-02 11:16:51.427 [info] > git config --get commit.template [7ms]
2024-06-02 11:16:51.428 [info] > git for-each-ref --format=%(refname)%00%(upstream:short)%00%(objectname)%00%(upstream:track)%00%(upstream:remotename)%00%(upstream:remoteref) refs/heads/cb refs/remotes/cb [1ms]
2024-06-02 11:16:51.472 [info] > git status -z -uall [37ms]
2024-06-02 11:16:56.492 [info] > git config --get commit.template [7ms]
2024-06-02 11:16:56.493 [info] > git for-each-ref --format=%(refname)%00%(upstream:short)%00%(objectname)%00%(upstream:track)%00%(upstream:remotename)%00%(upstream:remoteref) refs/heads/cb refs/remotes/cb [2ms]
2024-06-02 11:16:56.535 [info] > git status -z -uall [36ms]
2024-06-02 11:17:01.556 [info] > git config --get commit.template [7ms]
2024-06-02 11:17:01.556 [info] > git for-each-ref --format=%(refname)%00%(upstream:short)%00%(objectname)%00%(upstream:track)%00%(upstream:remotename)%00%(upstream:remoteref) refs/heads/cb refs/remotes/cb [1ms]
2024-06-02 11:17:01.608 [info] > git status -z -uall [43ms]
2024-06-02 11:17:06.632 [info] > git config --get commit.template [9ms]
2024-06-02 11:17:06.633 [info] > git for-each-ref --format=%(refname)%00%(upstream:short)%00%(objectname)%00%(upstream:track)%00%(upstream:remotename)%00%(upstream:remoteref) refs/heads/cb refs/remotes/cb [2ms]
2024-06-02 11:17:06.679 [info] > git status -z -uall [38ms]
2024-06-02 11:17:11.702 [info] > git config --get commit.template [9ms]
2024-06-02 11:17:11.703 [info] > git for-each-ref --format=%(refname)%00%(upstream:short)%00%(objectname)%00%(upstream:track)%00%(upstream:remotename)%00%(upstream:remoteref) refs/heads/cb refs/remotes/cb [2ms]
2024-06-02 11:17:11.748 [info] > git status -z -uall [35ms]
2024-06-02 11:17:16.768 [info] > git config --get commit.template [7ms]
2024-06-02 11:17:16.769 [info] > git for-each-ref --format=%(refname)%00%(upstream:short)%00%(objectname)%00%(upstream:track)%00%(upstream:remotename)%00%(upstream:remoteref) refs/heads/cb refs/remotes/cb [1ms]
2024-06-02 11:17:16.815 [info] > git status -z -uall [38ms]
2024-06-02 11:17:21.838 [info] > git config --get commit.template [9ms]
2024-06-02 11:17:21.839 [info] > git for-each-ref --format=%(refname)%00%(upstream:short)%00%(objectname)%00%(upstream:track)%00%(upstream:remotename)%00%(upstream:remoteref) refs/heads/cb refs/remotes/cb [1ms]
2024-06-02 11:17:21.882 [info] > git status -z -uall [34ms]
2024-06-02 11:17:28.655 [info] > git config --get commit.template [8ms]
2024-06-02 11:17:28.656 [info] > git for-each-ref --format=%(refname)%00%(upstream:short)%00%(objectname)%00%(upstream:track)%00%(upstream:remotename)%00%(upstream:remoteref) refs/heads/cb refs/remotes/cb [1ms]
2024-06-02 11:17:28.699 [info] > git status -z -uall [36ms]
2024-06-02 11:17:33.721 [info] > git config --get commit.template [9ms]
2024-06-02 11:17:33.722 [info] > git for-each-ref --format=%(refname)%00%(upstream:short)%00%(objectname)%00%(upstream:track)%00%(upstream:remotename)%00%(upstream:remoteref) refs/heads/cb refs/remotes/cb [2ms]
2024-06-02 11:17:33.771 [info] > git status -z -uall [40ms]
2024-06-02 11:18:30.624 [info] > git check-ignore -v -z --stdin [5ms]
2024-06-02 11:18:44.582 [info] > git fetch [510ms]
2024-06-02 11:18:44.599 [info] > git config --get commit.template [7ms]
2024-06-02 11:18:44.600 [info] > git for-each-ref --format=%(refname)%00%(upstream:short)%00%(objectname)%00%(upstream:track)%00%(upstream:remotename)%00%(upstream:remoteref) refs/heads/cb refs/remotes/cb [1ms]
2024-06-02 11:18:44.646 [info] > git status -z -uall [37ms]
2024-06-02 11:18:44.667 [info] > git config --get commit.template [9ms]
2024-06-02 11:18:44.669 [info] > git for-each-ref --format=%(refname)%00%(upstream:short)%00%(objectname)%00%(upstream:track)%00%(upstream:remotename)%00%(upstream:remoteref) refs/heads/cb refs/remotes/cb [1ms]
2024-06-02 11:18:44.714 [info] > git status -z -uall [37ms]
2024-06-02 11:18:46.204 [info] > git ls-files --stage -- /root/data/data_unzip.py [3ms]
2024-06-02 11:18:46.214 [info] > git cat-file -s d683a8645c481a9f517fecd50a702bac0006ef33 [1ms]
2024-06-02 11:18:46.402 [info] > git show --textconv :data/data_unzip.py [4ms]
2024-06-02 11:18:51.440 [info] > git config --get commit.template [8ms]
2024-06-02 11:18:51.441 [info] > git for-each-ref --format=%(refname)%00%(upstream:short)%00%(objectname)%00%(upstream:track)%00%(upstream:remotename)%00%(upstream:remoteref) refs/heads/cb refs/remotes/cb [2ms]
2024-06-02 11:18:51.483 [info] > git status -z -uall [35ms]
2024-06-02 11:18:56.503 [info] > git config --get commit.template [7ms]
2024-06-02 11:18:56.504 [info] > git for-each-ref --format=%(refname)%00%(upstream:short)%00%(objectname)%00%(upstream:track)%00%(upstream:remotename)%00%(upstream:remoteref) refs/heads/cb refs/remotes/cb [1ms]
2024-06-02 11:18:56.553 [info] > git status -z -uall [40ms]
2024-06-02 11:19:01.572 [info] > git config --get commit.template [9ms]
2024-06-02 11:19:01.573 [info] > git for-each-ref --format=%(refname)%00%(upstream:short)%00%(objectname)%00%(upstream:track)%00%(upstream:remotename)%00%(upstream:remoteref) refs/heads/cb refs/remotes/cb [2ms]
2024-06-02 11:19:01.618 [info] > git status -z -uall [36ms]
2024-06-02 11:19:06.639 [info] > git config --get commit.template [9ms]
2024-06-02 11:19:06.640 [info] > git for-each-ref --format=%(refname)%00%(upstream:short)%00%(objectname)%00%(upstream:track)%00%(upstream:remotename)%00%(upstream:remoteref) refs/heads/cb refs/remotes/cb [1ms]
2024-06-02 11:19:06.685 [info] > git status -z -uall [36ms]
2024-06-02 11:19:11.710 [info] > git config --get commit.template [10ms]
2024-06-02 11:19:11.710 [info] > git for-each-ref --format=%(refname)%00%(upstream:short)%00%(objectname)%00%(upstream:track)%00%(upstream:remotename)%00%(upstream:remoteref) refs/heads/cb refs/remotes/cb [2ms]
2024-06-02 11:19:11.751 [info] > git status -z -uall [34ms]
2024-06-02 11:19:12.328 [info] > git check-ignore -v -z --stdin [5ms]
2024-06-02 11:19:16.775 [info] > git config --get commit.template [9ms]
2024-06-02 11:19:16.776 [info] > git for-each-ref --format=%(refname)%00%(upstream:short)%00%(objectname)%00%(upstream:track)%00%(upstream:remotename)%00%(upstream:remoteref) refs/heads/cb refs/remotes/cb [1ms]
2024-06-02 11:19:16.823 [info] > git status -z -uall [38ms]
2024-06-02 11:19:19.433 [info] > git check-ignore -v -z --stdin [7ms]
2024-06-02 11:19:21.838 [info] > git config --get commit.template [2ms]
2024-06-02 11:19:21.846 [info] > git for-each-ref --format=%(refname)%00%(upstream:short)%00%(objectname)%00%(upstream:track)%00%(upstream:remotename)%00%(upstream:remoteref) refs/heads/cb refs/remotes/cb [1ms]
2024-06-02 11:19:21.889 [info] > git status -z -uall [36ms]
2024-06-02 11:19:26.912 [info] > git config --get commit.template [10ms]
2024-06-02 11:19:26.913 [info] > git for-each-ref --format=%(refname)%00%(upstream:short)%00%(objectname)%00%(upstream:track)%00%(upstream:remotename)%00%(upstream:remoteref) refs/heads/cb refs/remotes/cb [2ms]
2024-06-02 11:19:26.957 [info] > git status -z -uall [35ms]
2024-06-02 11:19:38.145 [info] > git config --get commit.template [10ms]
2024-06-02 11:19:38.146 [info] > git for-each-ref --format=%(refname)%00%(upstream:short)%00%(objectname)%00%(upstream:track)%00%(upstream:remotename)%00%(upstream:remoteref) refs/heads/cb refs/remotes/cb [1ms]
2024-06-02 11:19:38.189 [info] > git status -z -uall [35ms]
2024-06-02 11:19:43.211 [info] > git config --get commit.template [9ms]
2024-06-02 11:19:43.212 [info] > git for-each-ref --format=%(refname)%00%(upstream:short)%00%(objectname)%00%(upstream:track)%00%(upstream:remotename)%00%(upstream:remoteref) refs/heads/cb refs/remotes/cb [1ms]
2024-06-02 11:19:43.258 [info] > git status -z -uall [38ms]
2024-06-02 11:21:19.981 [info] > git config --get commit.template [8ms]
2024-06-02 11:21:19.982 [info] > git for-each-ref --format=%(refname)%00%(upstream:short)%00%(objectname)%00%(upstream:track)%00%(upstream:remotename)%00%(upstream:remoteref) refs/heads/cb refs/remotes/cb [2ms]
2024-06-02 11:21:20.026 [info] > git status -z -uall [36ms]
2024-06-02 11:21:26.180 [info] > git config --get commit.template [9ms]
2024-06-02 11:21:26.181 [info] > git for-each-ref --format=%(refname)%00%(upstream:short)%00%(objectname)%00%(upstream:track)%00%(upstream:remotename)%00%(upstream:remoteref) refs/heads/cb refs/remotes/cb [2ms]
2024-06-02 11:21:26.227 [info] > git status -z -uall [38ms]
2024-06-02 11:21:31.248 [info] > git config --get commit.template [8ms]
2024-06-02 11:21:31.249 [info] > git for-each-ref --format=%(refname)%00%(upstream:short)%00%(objectname)%00%(upstream:track)%00%(upstream:remotename)%00%(upstream:remoteref) refs/heads/cb refs/remotes/cb [1ms]
2024-06-02 11:21:31.294 [info] > git status -z -uall [37ms]
2024-06-02 11:21:36.075 [info] > git check-ignore -v -z --stdin [5ms]
2024-06-02 11:21:43.523 [info] > git config --get commit.template [8ms]
2024-06-02 11:21:43.524 [info] > git for-each-ref --format=%(refname)%00%(upstream:short)%00%(objectname)%00%(upstream:track)%00%(upstream:remotename)%00%(upstream:remoteref) refs/heads/cb refs/remotes/cb [2ms]
2024-06-02 11:21:43.750 [info] > git status -z -uall [215ms] (cancelled)
2024-06-02 11:21:45.160 [info] > git fetch [499ms]
2024-06-02 11:21:45.181 [info] > git config --get commit.template [10ms]
2024-06-02 11:21:45.181 [info] > git for-each-ref --format=%(refname)%00%(upstream:short)%00%(objectname)%00%(upstream:track)%00%(upstream:remotename)%00%(upstream:remoteref) refs/heads/cb refs/remotes/cb [1ms]
2024-06-02 11:21:45.335 [info] > git status -z -uall [143ms] (cancelled)
2024-06-02 11:21:47.309 [info] > git ls-files --stage -- /root/data/data_unzip.py [3ms]
2024-06-02 11:21:47.320 [info] > git cat-file -s d683a8645c481a9f517fecd50a702bac0006ef33 [2ms]
2024-06-02 11:21:47.504 [info] > git show --textconv :data/data_unzip.py [4ms]
2024-06-02 11:24:15.496 [info] > git check-ignore -v -z --stdin [13ms]
2024-06-02 11:24:17.942 [info] > git check-ignore -v -z --stdin [15ms]
2024-06-02 11:24:22.392 [info] > git check-ignore -v -z --stdin [11ms]
2024-06-02 11:24:25.275 [info] > git ls-tree -l HEAD -- /root/radar_full/radar_full/202101010000.png [12ms]
2024-06-02 11:24:25.277 [info] > git ls-tree -l HEAD -- /root/radar_full/radar_full/202101010000.png [4ms]
2024-06-02 11:24:25.762 [info] > git check-ignore -v -z --stdin [6ms]
2024-06-02 11:24:26.886 [info] > git ls-tree -l HEAD -- /root/radar_full/radar_full/202101010020.png [11ms]
2024-06-02 11:24:26.888 [info] > git ls-tree -l HEAD -- /root/radar_full/radar_full/202101010020.png [3ms]
2024-06-02 11:24:28.229 [info] > git ls-tree -l HEAD -- /root/radar_full/radar_full/202101010130.png [12ms]
2024-06-02 11:24:28.231 [info] > git ls-tree -l HEAD -- /root/radar_full/radar_full/202101010130.png [2ms]
2024-06-02 11:24:29.620 [info] > git ls-tree -l HEAD -- /root/radar_full/radar_full/202101010200.png [13ms]
2024-06-02 11:24:29.621 [info] > git ls-tree -l HEAD -- /root/radar_full/radar_full/202101010200.png [2ms]
2024-06-02 11:24:31.812 [info] > git show --textconv :data/data_unzip.py [12ms]
2024-06-02 11:24:31.815 [info] > git ls-files --stage -- /root/data/data_unzip.py [3ms]
2024-06-02 11:24:31.827 [info] > git cat-file -s d683a8645c481a9f517fecd50a702bac0006ef33 [1ms]
2024-06-02 11:24:44.131 [info] > git show --textconv :data/data_unzip.py [14ms]
2024-06-02 11:24:44.134 [info] > git ls-files --stage -- /root/data/data_unzip.py [4ms]
2024-06-02 11:24:44.146 [info] > git cat-file -s d683a8645c481a9f517fecd50a702bac0006ef33 [2ms]
2024-06-02 11:24:45.956 [info] > git fetch [610ms]
2024-06-02 11:24:45.977 [info] > git config --get commit.template [9ms]
2024-06-02 11:24:45.978 [info] > git for-each-ref --format=%(refname)%00%(upstream:short)%00%(objectname)%00%(upstream:track)%00%(upstream:remotename)%00%(upstream:remoteref) refs/heads/cb refs/remotes/cb [2ms]
2024-06-02 11:24:46.029 [info] > git status -z -uall [42ms]
2024-06-02 11:24:47.485 [info] > git ls-files --stage -- /root/data/data_unzip.py [4ms]
2024-06-02 11:24:47.497 [info] > git cat-file -s d683a8645c481a9f517fecd50a702bac0006ef33 [1ms]
2024-06-02 11:24:47.684 [info] > git show --textconv :data/data_unzip.py [5ms]
2024-06-02 11:25:33.647 [info] > git config --get commit.template [1ms]
2024-06-02 11:25:33.656 [info] > git for-each-ref --format=%(refname)%00%(upstream:short)%00%(objectname)%00%(upstream:track)%00%(upstream:remotename)%00%(upstream:remoteref) refs/heads/cb refs/remotes/cb [1ms]
2024-06-02 11:25:33.701 [info] > git status -z -uall [36ms]
2024-06-02 11:25:59.673 [info] > git config --get commit.template [10ms]
2024-06-02 11:25:59.674 [info] > git for-each-ref --format=%(refname)%00%(upstream:short)%00%(objectname)%00%(upstream:track)%00%(upstream:remotename)%00%(upstream:remoteref) refs/heads/cb refs/remotes/cb [1ms]
2024-06-02 11:25:59.719 [info] > git status -z -uall [35ms]
2024-06-02 11:26:08.796 [info] > git check-ignore -v -z --stdin [4ms]
2024-06-02 11:26:13.115 [info] > git check-ignore -v -z --stdin [6ms]
2024-06-02 11:26:17.682 [info] > git config --get commit.template [9ms]
2024-06-02 11:26:17.683 [info] > git for-each-ref --format=%(refname)%00%(upstream:short)%00%(objectname)%00%(upstream:track)%00%(upstream:remotename)%00%(upstream:remoteref) refs/heads/cb refs/remotes/cb [1ms]
2024-06-02 11:26:17.725 [info] > git status -z -uall [34ms]
2024-06-02 11:26:24.324 [info] > git config --get commit.template [11ms]
2024-06-02 11:26:24.325 [info] > git for-each-ref --format=%(refname)%00%(upstream:short)%00%(objectname)%00%(upstream:track)%00%(upstream:remotename)%00%(upstream:remoteref) refs/heads/cb refs/remotes/cb [2ms]
2024-06-02 11:26:24.372 [info] > git status -z -uall [36ms]
2024-06-02 11:26:29.398 [info] > git config --get commit.template [11ms]
2024-06-02 11:26:29.399 [info] > git for-each-ref --format=%(refname)%00%(upstream:short)%00%(objectname)%00%(upstream:track)%00%(upstream:remotename)%00%(upstream:remoteref) refs/heads/cb refs/remotes/cb [2ms]
2024-06-02 11:26:29.446 [info] > git status -z -uall [37ms]
2024-06-02 11:26:34.475 [info] > git config --get commit.template [11ms]
2024-06-02 11:26:34.476 [info] > git for-each-ref --format=%(refname)%00%(upstream:short)%00%(objectname)%00%(upstream:track)%00%(upstream:remotename)%00%(upstream:remoteref) refs/heads/cb refs/remotes/cb [2ms]
2024-06-02 11:26:34.523 [info] > git status -z -uall [35ms]
2024-06-02 11:26:35.248 [info] > git show --textconv :scripts/seoul.sh [12ms]
2024-06-02 11:26:35.251 [info] > git ls-files --stage -- /root/scripts/seoul.sh [4ms]
2024-06-02 11:26:35.263 [info] > git cat-file -s ebe58750247d43eb7270e789c24ec47545143dbf [1ms]
2024-06-02 11:26:37.931 [info] > git show --textconv :scripts/gangwon.sh [12ms]
2024-06-02 11:26:37.934 [info] > git ls-files --stage -- /root/scripts/gangwon.sh [3ms]
2024-06-02 11:26:37.946 [info] > git cat-file -s 3d0c2a27356be5dfda692be1e4ab3af96fd407b2 [1ms]
2024-06-02 11:26:39.273 [info] > git show --textconv :scripts/seoul.sh [10ms]
2024-06-02 11:26:39.274 [info] > git ls-files --stage -- /root/scripts/seoul.sh [2ms]
2024-06-02 11:26:39.283 [info] > git cat-file -s ebe58750247d43eb7270e789c24ec47545143dbf [2ms]
2024-06-02 11:26:39.548 [info] > git config --get commit.template [10ms]
2024-06-02 11:26:39.549 [info] > git for-each-ref --format=%(refname)%00%(upstream:short)%00%(objectname)%00%(upstream:track)%00%(upstream:remotename)%00%(upstream:remoteref) refs/heads/cb refs/remotes/cb [2ms]
2024-06-02 11:26:39.598 [info] > git status -z -uall [38ms]
2024-06-02 11:26:44.626 [info] > git config --get commit.template [10ms]
2024-06-02 11:26:44.627 [info] > git for-each-ref --format=%(refname)%00%(upstream:short)%00%(objectname)%00%(upstream:track)%00%(upstream:remotename)%00%(upstream:remoteref) refs/heads/cb refs/remotes/cb [2ms]
2024-06-02 11:26:44.679 [info] > git status -z -uall [42ms]
2024-06-02 11:26:49.706 [info] > git config --get commit.template [11ms]
2024-06-02 11:26:49.707 [info] > git for-each-ref --format=%(refname)%00%(upstream:short)%00%(objectname)%00%(upstream:track)%00%(upstream:remotename)%00%(upstream:remoteref) refs/heads/cb refs/remotes/cb [2ms]
2024-06-02 11:26:49.754 [info] > git status -z -uall [35ms]
2024-06-02 11:26:54.782 [info] > git config --get commit.template [10ms]
2024-06-02 11:26:54.782 [info] > git for-each-ref --format=%(refname)%00%(upstream:short)%00%(objectname)%00%(upstream:track)%00%(upstream:remotename)%00%(upstream:remoteref) refs/heads/cb refs/remotes/cb [1ms]
2024-06-02 11:26:54.834 [info] > git status -z -uall [40ms]
2024-06-02 11:26:59.862 [info] > git config --get commit.template [12ms]
2024-06-02 11:26:59.863 [info] > git for-each-ref --format=%(refname)%00%(upstream:short)%00%(objectname)%00%(upstream:track)%00%(upstream:remotename)%00%(upstream:remoteref) refs/heads/cb refs/remotes/cb [2ms]
2024-06-02 11:26:59.914 [info] > git status -z -uall [40ms]
2024-06-02 11:27:04.942 [info] > git config --get commit.template [11ms]
2024-06-02 11:27:04.943 [info] > git for-each-ref --format=%(refname)%00%(upstream:short)%00%(objectname)%00%(upstream:track)%00%(upstream:remotename)%00%(upstream:remoteref) refs/heads/cb refs/remotes/cb [2ms]
2024-06-02 11:27:04.992 [info] > git status -z -uall [39ms]
2024-06-02 11:27:10.018 [info] > git config --get commit.template [11ms]
2024-06-02 11:27:10.019 [info] > git for-each-ref --format=%(refname)%00%(upstream:short)%00%(objectname)%00%(upstream:track)%00%(upstream:remotename)%00%(upstream:remoteref) refs/heads/cb refs/remotes/cb [1ms]
2024-06-02 11:27:10.071 [info] > git status -z -uall [40ms]
2024-06-02 11:27:15.098 [info] > git config --get commit.template [10ms]
2024-06-02 11:27:15.099 [info] > git for-each-ref --format=%(refname)%00%(upstream:short)%00%(objectname)%00%(upstream:track)%00%(upstream:remotename)%00%(upstream:remoteref) refs/heads/cb refs/remotes/cb [1ms]
2024-06-02 11:27:15.146 [info] > git status -z -uall [34ms]
2024-06-02 11:27:20.173 [info] > git config --get commit.template [12ms]
2024-06-02 11:27:20.174 [info] > git for-each-ref --format=%(refname)%00%(upstream:short)%00%(objectname)%00%(upstream:track)%00%(upstream:remotename)%00%(upstream:remoteref) refs/heads/cb refs/remotes/cb [1ms]
2024-06-02 11:27:20.223 [info] > git status -z -uall [38ms]
2024-06-02 11:27:25.250 [info] > git config --get commit.template [11ms]
2024-06-02 11:27:25.251 [info] > git for-each-ref --format=%(refname)%00%(upstream:short)%00%(objectname)%00%(upstream:track)%00%(upstream:remotename)%00%(upstream:remoteref) refs/heads/cb refs/remotes/cb [1ms]
2024-06-02 11:27:25.300 [info] > git status -z -uall [36ms]
2024-06-02 11:27:30.328 [info] > git config --get commit.template [11ms]
2024-06-02 11:27:30.329 [info] > git for-each-ref --format=%(refname)%00%(upstream:short)%00%(objectname)%00%(upstream:track)%00%(upstream:remotename)%00%(upstream:remoteref) refs/heads/cb refs/remotes/cb [2ms]
2024-06-02 11:27:30.376 [info] > git status -z -uall [36ms]
2024-06-02 11:27:35.403 [info] > git config --get commit.template [11ms]
2024-06-02 11:27:35.404 [info] > git for-each-ref --format=%(refname)%00%(upstream:short)%00%(objectname)%00%(upstream:track)%00%(upstream:remotename)%00%(upstream:remoteref) refs/heads/cb refs/remotes/cb [2ms]
2024-06-02 11:27:35.454 [info] > git status -z -uall [38ms]
2024-06-02 11:27:54.616 [info] > git config --get commit.template [7ms]
2024-06-02 11:27:54.617 [info] > git for-each-ref --format=%(refname)%00%(upstream:short)%00%(objectname)%00%(upstream:track)%00%(upstream:remotename)%00%(upstream:remoteref) refs/heads/cb refs/remotes/cb [1ms]
2024-06-02 11:27:54.662 [info] > git status -z -uall [36ms]
2024-06-02 11:27:55.123 [info] > git fetch [524ms]
2024-06-02 11:27:55.145 [info] > git config --get commit.template [9ms]
2024-06-02 11:27:55.145 [info] > git for-each-ref --format=%(refname)%00%(upstream:short)%00%(objectname)%00%(upstream:track)%00%(upstream:remotename)%00%(upstream:remoteref) refs/heads/cb refs/remotes/cb [1ms]
2024-06-02 11:27:55.192 [info] > git status -z -uall [35ms]
2024-06-02 11:27:56.930 [info] > git ls-files --stage -- /root/scripts/seoul.sh [4ms]
2024-06-02 11:27:56.944 [info] > git cat-file -s ebe58750247d43eb7270e789c24ec47545143dbf [2ms]
2024-06-02 11:27:57.127 [info] > git show --textconv :scripts/seoul.sh [3ms]
2024-06-02 11:28:01.202 [info] > git config --get commit.template [10ms]
2024-06-02 11:28:01.203 [info] > git for-each-ref --format=%(refname)%00%(upstream:short)%00%(objectname)%00%(upstream:track)%00%(upstream:remotename)%00%(upstream:remoteref) refs/heads/cb refs/remotes/cb [2ms]
2024-06-02 11:28:01.254 [info] > git status -z -uall [40ms]
2024-06-02 11:28:43.786 [info] > git config --get commit.template [11ms]
2024-06-02 11:28:43.787 [info] > git for-each-ref --format=%(refname)%00%(upstream:short)%00%(objectname)%00%(upstream:track)%00%(upstream:remotename)%00%(upstream:remoteref) refs/heads/cb refs/remotes/cb [2ms]
2024-06-02 11:28:43.833 [info] > git status -z -uall [36ms]
2024-06-02 11:28:51.178 [info] > git config --get commit.template [10ms]
2024-06-02 11:28:51.178 [info] > git for-each-ref --format=%(refname)%00%(upstream:short)%00%(objectname)%00%(upstream:track)%00%(upstream:remotename)%00%(upstream:remoteref) refs/heads/cb refs/remotes/cb [1ms]
2024-06-02 11:28:51.229 [info] > git status -z -uall [39ms]
2024-06-02 11:28:56.254 [info] > git config --get commit.template [10ms]
2024-06-02 11:28:56.255 [info] > git for-each-ref --format=%(refname)%00%(upstream:short)%00%(objectname)%00%(upstream:track)%00%(upstream:remotename)%00%(upstream:remoteref) refs/heads/cb refs/remotes/cb [1ms]
2024-06-02 11:28:56.304 [info] > git status -z -uall [39ms]
2024-06-02 11:29:01.329 [info] > git config --get commit.template [9ms]
2024-06-02 11:29:01.329 [info] > git for-each-ref --format=%(refname)%00%(upstream:short)%00%(objectname)%00%(upstream:track)%00%(upstream:remotename)%00%(upstream:remoteref) refs/heads/cb refs/remotes/cb [1ms]
2024-06-02 11:29:01.374 [info] > git status -z -uall [37ms]
2024-06-02 11:29:06.398 [info] > git config --get commit.template [8ms]
2024-06-02 11:29:06.398 [info] > git for-each-ref --format=%(refname)%00%(upstream:short)%00%(objectname)%00%(upstream:track)%00%(upstream:remotename)%00%(upstream:remoteref) refs/heads/cb refs/remotes/cb [1ms]
2024-06-02 11:29:06.451 [info] > git status -z -uall [45ms]
2024-06-02 11:29:17.381 [info] > git ls-files --stage -- /root/scripts/seoul.sh [4ms]
2024-06-02 11:29:17.392 [info] > git cat-file -s 6ba973a12ea5994e01573ccae4250e6206e84cb7 [2ms]
2024-06-02 11:29:17.576 [info] > git show --textconv :scripts/seoul.sh [4ms]
2024-06-02 11:29:47.435 [info] > git ls-files --stage -- /root/scripts/seoul.sh [3ms]
2024-06-02 11:29:47.444 [info] > git cat-file -s 6ba973a12ea5994e01573ccae4250e6206e84cb7 [1ms]
2024-06-02 11:29:47.632 [info] > git show --textconv :scripts/seoul.sh [5ms]
2024-06-02 11:29:49.814 [info] > git config --get commit.template [10ms]
2024-06-02 11:29:49.816 [info] > git for-each-ref --format=%(refname)%00%(upstream:short)%00%(objectname)%00%(upstream:track)%00%(upstream:remotename)%00%(upstream:remoteref) refs/heads/cb refs/remotes/cb [2ms]
2024-06-02 11:29:49.862 [info] > git status -z -uall [35ms]
2024-06-02 11:29:49.877 [info] > git merge-base refs/heads/cb refs/remotes/origin/cb [3ms]
2024-06-02 11:29:49.889 [info] > git rev-list --count --left-right refs/heads/cb...refs/remotes/origin/cb [2ms]
2024-06-02 11:29:49.902 [info] > git diff --name-status -z --diff-filter=ADMR 485efd3067e18026d53feda3ca5b857adf130daa...refs/remotes/origin/cb [2ms]
2024-06-02 11:29:54.898 [info] > git config --get commit.template [9ms]
2024-06-02 11:29:54.899 [info] > git for-each-ref --format=%(refname)%00%(upstream:short)%00%(objectname)%00%(upstream:track)%00%(upstream:remotename)%00%(upstream:remoteref) refs/heads/cb refs/remotes/cb [1ms]
2024-06-02 11:29:54.947 [info] > git status -z -uall [38ms]
2024-06-02 11:29:59.973 [info] > git config --get commit.template [11ms]
2024-06-02 11:29:59.974 [info] > git for-each-ref --format=%(refname)%00%(upstream:short)%00%(objectname)%00%(upstream:track)%00%(upstream:remotename)%00%(upstream:remoteref) refs/heads/cb refs/remotes/cb [1ms]
2024-06-02 11:30:00.025 [info] > git status -z -uall [41ms]
2024-06-02 11:30:03.158 [info] > git merge-base refs/heads/cb refs/remotes/origin/cb [2ms]
2024-06-02 11:30:03.170 [info] > git rev-list --count --left-right refs/heads/cb...refs/remotes/origin/cb [2ms]
2024-06-02 11:30:10.833 [info] > git config --get commit.template [10ms]
2024-06-02 11:30:10.834 [info] > git for-each-ref --format=%(refname)%00%(upstream:short)%00%(objectname)%00%(upstream:track)%00%(upstream:remotename)%00%(upstream:remoteref) refs/heads/cb refs/remotes/cb [2ms]
2024-06-02 11:30:10.881 [info] > git status -z -uall [36ms]
2024-06-02 11:30:43.829 [info] > git config --get commit.template [11ms]
2024-06-02 11:30:43.830 [info] > git for-each-ref --format=%(refname)%00%(upstream:short)%00%(objectname)%00%(upstream:track)%00%(upstream:remotename)%00%(upstream:remoteref) refs/heads/cb refs/remotes/cb [2ms]
2024-06-02 11:30:43.879 [info] > git status -z -uall [38ms]
2024-06-02 11:30:55.639 [info] > git fetch [433ms]
2024-06-02 11:30:55.660 [info] > git config --get commit.template [10ms]
2024-06-02 11:30:55.661 [info] > git for-each-ref --format=%(refname)%00%(upstream:short)%00%(objectname)%00%(upstream:track)%00%(upstream:remotename)%00%(upstream:remoteref) refs/heads/cb refs/remotes/cb [1ms]
2024-06-02 11:30:55.712 [info] > git status -z -uall [40ms]
2024-06-02 11:30:55.727 [info] > git merge-base refs/heads/cb refs/remotes/origin/cb [4ms]
2024-06-02 11:30:55.739 [info] > git rev-list --count --left-right refs/heads/cb...refs/remotes/origin/cb [2ms]
2024-06-02 11:30:55.752 [info] > git diff --name-status -z --diff-filter=ADMR 43b58404b46a433adf46e32b84a54f6b68e17e24...refs/remotes/origin/cb [2ms]
2024-06-02 11:33:56.161 [info] > git fetch [422ms]
2024-06-02 11:33:56.181 [info] > git config --get commit.template [9ms]
2024-06-02 11:33:56.183 [info] > git for-each-ref --format=%(refname)%00%(upstream:short)%00%(objectname)%00%(upstream:track)%00%(upstream:remotename)%00%(upstream:remoteref) refs/heads/cb refs/remotes/cb [2ms]
2024-06-02 11:33:56.229 [info] > git status -z -uall [37ms]
2024-06-02 11:33:56.242 [info] > git merge-base refs/heads/cb refs/remotes/origin/cb [2ms]
2024-06-02 11:33:56.253 [info] > git rev-list --count --left-right refs/heads/cb...refs/remotes/origin/cb [2ms]
2024-06-02 11:33:56.265 [info] > git diff --name-status -z --diff-filter=ADMR 43b58404b46a433adf46e32b84a54f6b68e17e24...refs/remotes/origin/cb [2ms]
