2024-06-02 11:33:00.484 [info] Log level: Info
2024-06-02 11:33:00.484 [info] Validating found git in: "git"
2024-06-02 11:33:00.484 [info] Using git "2.34.1" from "git"
2024-06-02 11:33:00.484 [info] > git rev-parse --show-toplevel [2ms]
2024-06-02 11:33:00.484 [info] > git rev-parse --git-dir --git-common-dir [2ms]
2024-06-02 11:33:00.484 [info] Open repository: /root
2024-06-02 11:33:00.484 [info] > git rev-parse --show-toplevel [7ms]
2024-06-02 11:33:00.484 [info] > git config --get commit.template [10ms]
2024-06-02 11:33:00.484 [info] > git rev-parse --show-toplevel [6ms]
2024-06-02 11:33:00.484 [info] > git for-each-ref --format=%(refname)%00%(upstream:short)%00%(objectname)%00%(upstream:track)%00%(upstream:remotename)%00%(upstream:remoteref) refs/heads/cb refs/remotes/cb [1ms]
2024-06-02 11:33:00.484 [info] > git rev-parse --show-toplevel [4ms]
2024-06-02 11:33:00.484 [info] > git rev-parse --show-toplevel [1ms]
2024-06-02 11:33:00.484 [info] > git rev-parse --show-toplevel [1ms]
2024-06-02 11:33:00.484 [info] > git rev-parse --show-toplevel [1ms]
2024-06-02 11:33:00.484 [info] > git rev-parse --show-toplevel [1ms]
2024-06-02 11:33:00.484 [info] > git rev-parse --show-toplevel [1ms]
2024-06-02 11:33:00.484 [info] > git rev-parse --show-toplevel [1ms]
2024-06-02 11:33:00.484 [info] > git status -z -uall [42ms]
2024-06-02 11:33:00.484 [info] > git merge-base refs/heads/cb refs/remotes/origin/cb [10ms]
2024-06-02 11:33:00.484 [info] > git rev-parse --show-toplevel [21ms]
2024-06-02 11:33:00.484 [info] > git rev-list --count --left-right refs/heads/cb...refs/remotes/origin/cb [14ms]
2024-06-02 11:33:00.484 [info] > git config --get commit.template [22ms]
2024-06-02 11:33:00.484 [info] > git rev-parse --show-toplevel [4ms]
2024-06-02 11:33:00.484 [info] > git diff --name-status -z --diff-filter=ADMR 43b58404b46a433adf46e32b84a54f6b68e17e24...refs/remotes/origin/cb [9ms]
2024-06-02 11:33:00.484 [info] > git rev-parse --show-toplevel [1ms]
2024-06-02 11:33:00.484 [info] > git for-each-ref --format=%(refname)%00%(upstream:short)%00%(objectname)%00%(upstream:track)%00%(upstream:remotename)%00%(upstream:remoteref) refs/heads/cb refs/remotes/cb [5ms]
2024-06-02 11:33:00.484 [info] > git rev-parse --show-toplevel [4ms]
2024-06-02 11:33:00.484 [info] > git rev-parse --show-toplevel [2ms]
2024-06-02 11:33:00.484 [info] > git rev-parse --show-toplevel [1ms]
2024-06-02 11:33:00.484 [info] > git status -z -uall [38ms]
2024-06-02 11:33:00.484 [info] > git fetch [402ms]
2024-06-02 11:33:00.484 [info] > git config --get commit.template [5ms]
2024-06-02 11:33:00.484 [info] > git for-each-ref --format=%(refname)%00%(upstream:short)%00%(objectname)%00%(upstream:track)%00%(upstream:remotename)%00%(upstream:remoteref) refs/heads/cb refs/remotes/cb [1ms]
2024-06-02 11:33:00.484 [info] > git status -z -uall [49ms]
2024-06-02 11:33:00.831 [info] > git show --textconv :scripts/seoul.sh [5ms]
2024-06-02 11:33:00.835 [info] > git ls-files --stage -- /root/scripts/seoul.sh [4ms]
2024-06-02 11:33:00.840 [info] > git cat-file -s 6ba973a12ea5994e01573ccae4250e6206e84cb7 [1ms]
2024-06-02 11:33:01.045 [info] > git check-ignore -v -z --stdin [17ms]
