2024-06-02 10:24:30.893 [info] Experiment 'pythonaacf' is active
2024-06-02 10:24:30.893 [info] Experiment 'pythonCreateEnvOnPipInstall' is active
2024-06-02 10:24:30.894 [info] Experiment 'pythonRecommendTensorboardExt' is active
2024-06-02 10:24:30.894 [info] Experiment 'pythonTerminalEnvVarActivation' is active
2024-06-02 10:24:30.894 [info] Experiment 'pythonTestAdapter' is active
2024-06-02 10:24:30.926 [info] Default formatter is set to esbenp.prettier-vscode for workspace /root
2024-06-02 10:24:31.240 [info] > hatch env show --json
2024-06-02 10:24:31.240 [info] cwd: .
2024-06-02 10:24:31.294 [info] > pyenv which python
2024-06-02 10:24:31.294 [info] cwd: .
2024-06-02 10:24:31.308 [info] > python -c "import sys;print(sys.executable)"
2024-06-02 10:24:31.310 [error] [Error: Command failed: python -c "import sys;print(sys.executable)"
/bin/sh: 1: python: not found

	at ChildProcess.exithandler (node:child_process:422:12)
	at ChildProcess.emit (node:events:529:35)
	at maybeClose (node:internal/child_process:1098:16)
	at Socket.<anonymous> (node:internal/child_process:450:11)
	at Socket.emit (node:events:517:28)
	at Pipe.<anonymous> (node:net:350:12)] {
  code: 127,
  killed: false,
  signal: null,
  cmd: 'python -c "import sys;print(sys.executable)"'
}
2024-06-02 10:24:31.319 [info] > pyenv which python
2024-06-02 10:24:31.319 [info] cwd: .
2024-06-02 10:24:33.076 [info] Starting Pylance language server.
2024-06-02 10:25:55.368 [info] Discover tests for workspace name: root - uri: /root/classification_gpu.py
2024-06-02 10:26:18.406 [info] Discover tests for workspace name: root - uri: /root/classification_gpu.py
2024-06-02 10:31:56.893 [info] Discover tests for workspace name: root - uri: /root/classification_gpu.py
2024-06-02 10:34:13.849 [info] Discover tests for workspace name: root - uri: /root/classification_gpu.py
2024-06-02 10:37:06.872 [info] Discover tests for workspace name: root - uri: /root/classification_gpu.py
2024-06-02 10:37:44.136 [info] Discover tests for workspace name: root - uri: /root/classification_gpu.py
2024-06-02 10:50:19.233 [info] Discover tests for workspace name: root - uri: /root/classification_gpu.py
2024-06-02 11:08:50.890 [info] Discover tests for workspace name: root - uri: /root/classification_gpu.py
2024-06-02 11:10:50.366 [info] Discover tests for workspace name: root - uri: /root/classification_gpu.py
2024-06-02 11:19:26.057 [info] Discover tests for workspace name: root - uri: /root/classification_gpu.py
